#
# There is insufficient memory for the Java Runtime Environment to continue.
# Native memory allocation (malloc) failed to allocate 471136 bytes for Chunk::new
# Possible reasons:
#   The system is out of physical RAM or swap space
#   The process is running with CompressedOops enabled, and the Java Heap may be blocking the growth of the native heap
# Possible solutions:
#   Reduce memory load on the system
#   Increase physical memory or swap space
#   Check if swap backing store is full
#   Decrease Java heap size (-Xmx/-Xms)
#   Decrease number of Java threads
#   Decrease Java thread stack sizes (-Xss)
#   Set larger code cache with -XX:ReservedCodeCacheSize=
#   JVM is running with Unscaled Compressed Oops mode in which the Java heap is
#     placed in the first 4GB address space. The Java Heap base address is the
#     maximum limit for the native heap growth. Please use -XX:HeapBaseMinAddress
#     to set the Java Heap base and to place the Java Heap above 4GB virtual address.
# This output file may be truncated or incomplete.
#
#  Out of Memory Error (./open/src/hotspot/share/memory/arena.cpp:195), pid=18836, tid=25460
#
# JRE version: OpenJDK Runtime Environment (15.0.2+7) (build 15.0.2+7-27)
# Java VM: OpenJDK 64-Bit Server VM (15.0.2+7-27, mixed mode, tiered, compressed oops, g1 gc, windows-amd64)
# No core dump will be written. Minidumps are not enabled by default on client versions of Windows
#

---------------  S U M M A R Y ------------

Command Line: -Dfile.encoding=Cp1252 -XX:+ShowCodeDetailsInExceptionMessages view.FrameTree

Host: AMD Ryzen 5 3550H with Radeon Vega Mobile Gfx  , 8 cores, 7G,  Windows 10 , 64 bit Build 19041 (10.0.19041.928)
Time: Wed May 19 12:12:25 2021 Hora est. Pacífico, Sudamérica elapsed time: 48311.216315 seconds (0d 13h 25m 11s)

---------------  T H R E A D  ---------------

Current thread (0x0000013951dfc7e0):  JavaThread "C2 CompilerThread0" daemon [_thread_in_native, id=25460, stack(0x0000003411400000,0x0000003411500000)]


Current CompileTask:
C2:48311216 2002   !   4       sun.awt.PostEventQueue::flush (168 bytes)

Stack: [0x0000003411400000,0x0000003411500000]
Native frames: (J=compiled Java code, j=interpreted, Vv=VM code, C=native code)
V  [jvm.dll+0x62ae9a]
V  [jvm.dll+0x7817a9]
V  [jvm.dll+0x782f03]
V  [jvm.dll+0x783563]
V  [jvm.dll+0x216325]
V  [jvm.dll+0x97f3a]
V  [jvm.dll+0x9861c]
V  [jvm.dll+0x279f9f]
V  [jvm.dll+0x540794]
V  [jvm.dll+0x1f2cd4]
V  [jvm.dll+0x1ebff3]
V  [jvm.dll+0x1e9867]
V  [jvm.dll+0x178567]
V  [jvm.dll+0x1f9225]
V  [jvm.dll+0x1f72cc]
V  [jvm.dll+0x74495d]
V  [jvm.dll+0x73d75a]
V  [jvm.dll+0x629c56]
C  [ucrtbase.dll+0x21bb2]
C  [KERNEL32.DLL+0x17034]
C  [ntdll.dll+0x52651]


---------------  P R O C E S S  ---------------

Threads class SMR info:
_java_thread_list=0x00000139591e0aa0, length=17, elements={
0x0000013951dd2010, 0x0000013951dd2ac0, 0x00000139515b9850, 0x00000139515bc310,
0x0000013951df67a0, 0x0000013951dfc7e0, 0x0000013951dfdb20, 0x0000013951e10ce0,
0x0000013951f8b2e0, 0x0000013951fbb550, 0x0000013952528ae0, 0x0000013952528fb0,
0x00000139525296c0, 0x0000013952802470, 0x000001393737cce0, 0x0000013952994030,
0x0000013952c4e080
}

Java Threads: ( => current thread )
  0x0000013951dd2010 JavaThread "Reference Handler" daemon [_thread_blocked, id=25180, stack(0x0000003410f00000,0x0000003411000000)]
  0x0000013951dd2ac0 JavaThread "Finalizer" daemon [_thread_blocked, id=18316, stack(0x0000003411000000,0x0000003411100000)]
  0x00000139515b9850 JavaThread "Signal Dispatcher" daemon [_thread_blocked, id=24976, stack(0x0000003411100000,0x0000003411200000)]
  0x00000139515bc310 JavaThread "Attach Listener" daemon [_thread_blocked, id=24420, stack(0x0000003411200000,0x0000003411300000)]
  0x0000013951df67a0 JavaThread "Service Thread" daemon [_thread_blocked, id=25168, stack(0x0000003411300000,0x0000003411400000)]
=>0x0000013951dfc7e0 JavaThread "C2 CompilerThread0" daemon [_thread_in_native, id=25460, stack(0x0000003411400000,0x0000003411500000)]
  0x0000013951dfdb20 JavaThread "C1 CompilerThread0" daemon [_thread_blocked, id=23576, stack(0x0000003411500000,0x0000003411600000)]
  0x0000013951e10ce0 JavaThread "Sweeper thread" daemon [_thread_blocked, id=22256, stack(0x0000003411600000,0x0000003411700000)]
  0x0000013951f8b2e0 JavaThread "Notification Thread" daemon [_thread_blocked, id=25380, stack(0x0000003411700000,0x0000003411800000)]
  0x0000013951fbb550 JavaThread "Common-Cleaner" daemon [_thread_blocked, id=24960, stack(0x0000003411900000,0x0000003411a00000)]
  0x0000013952528ae0 JavaThread "Java2D Disposer" daemon [_thread_blocked, id=20936, stack(0x0000003411a00000,0x0000003411b00000)]
  0x0000013952528fb0 JavaThread "AWT-Shutdown" [_thread_blocked, id=25284, stack(0x0000003411b00000,0x0000003411c00000)]
  0x00000139525296c0 JavaThread "AWT-Windows" daemon [_thread_in_native, id=6472, stack(0x0000003411c00000,0x0000003411d00000)]
  0x0000013952802470 JavaThread "AWT-EventQueue-0" [_thread_blocked, id=24160, stack(0x0000003412500000,0x0000003412600000)]
  0x000001393737cce0 JavaThread "DestroyJavaVM" [_thread_blocked, id=19708, stack(0x0000003410800000,0x0000003410900000)]
  0x0000013952994030 JavaThread "D3D Screen Updater" daemon [_thread_blocked, id=23784, stack(0x0000003412700000,0x0000003412800000)]
  0x0000013952c4e080 JavaThread "TimerQueue" daemon [_thread_blocked, id=24360, stack(0x0000003412b00000,0x0000003412c00000)]

Other Threads:
  0x0000013951594ae0 VMThread "VM Thread" [stack: 0x0000003410e00000,0x0000003410f00000] [id=7972]
  0x0000013951fab7c0 WatcherThread [stack: 0x0000003411800000,0x0000003411900000] [id=8856]
  0x00000139373bda60 GCTaskThread "GC Thread#0" [stack: 0x0000003410900000,0x0000003410a00000] [id=25096]
  0x000001395268b3e0 GCTaskThread "GC Thread#1" [stack: 0x0000003410700000,0x0000003410800000] [id=5036]
  0x000001395268b710 GCTaskThread "GC Thread#2" [stack: 0x0000003411d00000,0x0000003411e00000] [id=29448]
  0x000001395268ca30 GCTaskThread "GC Thread#3" [stack: 0x0000003411e00000,0x0000003411f00000] [id=720]
  0x000001395268ba40 GCTaskThread "GC Thread#4" [stack: 0x0000003412600000,0x0000003412700000] [id=26892]
  0x000001395268c3d0 GCTaskThread "GC Thread#5" [stack: 0x0000003412a00000,0x0000003412b00000] [id=20136]
  0x00000139373cef10 ConcurrentGCThread "G1 Main Marker" [stack: 0x0000003410a00000,0x0000003410b00000] [id=8592]
  0x00000139373d1b20 ConcurrentGCThread "G1 Conc#0" [stack: 0x0000003410b00000,0x0000003410c00000] [id=23808]
  0x0000013937459e80 ConcurrentGCThread "G1 Refine#0" [stack: 0x0000003410c00000,0x0000003410d00000] [id=25592]
  0x000001393745aa80 ConcurrentGCThread "G1 Young RemSet Sampling" [stack: 0x0000003410d00000,0x0000003410e00000] [id=9256]

Threads with active compile tasks:
C2 CompilerThread0  48311293 2002   !   4       sun.awt.PostEventQueue::flush (168 bytes)

VM state: not at safepoint (normal execution)

VM Mutex/Monitor currently owned by a thread: None

Heap address: 0x0000000082e00000, size: 2002 MB, Compressed Oops mode: 32-bit
CDS disabled.
Compressed class space mapped at: 0x0000000100000000-0x0000000140000000, size: 1073741824
Narrow klass base: 0x0000000000000000, Narrow klass shift: 3, Narrow klass range: 0x140000000

GC Precious Log:
 CPUs: 8 total, 8 available
 Memory: 8001M
 Large Page Support: Disabled
 NUMA Support: Disabled
 Compressed Oops: Enabled (32-bit)
 Heap Region Size: 1M
 Heap Min Capacity: 8M
 Heap Initial Capacity: 126M
 Heap Max Capacity: 2002M
 Pre-touch: Disabled
 Parallel Workers: 8
 Concurrent Workers: 2
 Concurrent Refinement Workers: 8
 Periodic GC: Disabled

Heap:
 garbage-first heap   total 129024K, used 12848K [0x0000000082e00000, 0x0000000100000000)
  region size 1024K, 6 young (6144K), 3 survivors (3072K)
 Metaspace       used 19276K, capacity 19481K, committed 19584K, reserved 1067008K
  class space    used 2018K, capacity 2092K, committed 2176K, reserved 1048576K

Heap Regions: E=young(eden), S=young(survivor), O=old, HS=humongous(starts), HC=humongous(continues), CS=collection set, F=free, OA=open archive, CA=closed archive, TAMS=top-at-mark-start (previous, next)
|   0|0x0000000082e00000, 0x0000000082f00000, 0x0000000082f00000|100%|HS|  |TAMS 0x0000000082e00000, 0x0000000082e00000| Complete 
|   1|0x0000000082f00000, 0x0000000083000000, 0x0000000083000000|100%|HC|  |TAMS 0x0000000082f00000, 0x0000000082f00000| Complete 
|   2|0x0000000083000000, 0x0000000083100000, 0x0000000083100000|100%|HS|  |TAMS 0x0000000083000000, 0x0000000083000000| Complete 
|   3|0x0000000083100000, 0x0000000083200000, 0x0000000083200000|100%|HC|  |TAMS 0x0000000083100000, 0x0000000083100000| Complete 
|   4|0x0000000083200000, 0x000000008328c200, 0x0000000083300000| 54%| O|  |TAMS 0x0000000083200000, 0x0000000083200000| Untracked 
|   5|0x0000000083300000, 0x0000000083400000, 0x0000000083400000|100%|HS|  |TAMS 0x0000000083300000, 0x0000000083300000| Complete 
|   6|0x0000000083400000, 0x0000000083500000, 0x0000000083500000|100%|HC|  |TAMS 0x0000000083400000, 0x0000000083400000| Complete 
|   7|0x0000000083500000, 0x0000000083600000, 0x0000000083600000|100%|HC|  |TAMS 0x0000000083500000, 0x0000000083500000| Complete 
|   8|0x0000000083600000, 0x0000000083600000, 0x0000000083700000|  0%| F|  |TAMS 0x0000000083600000, 0x0000000083600000| Untracked 
|   9|0x0000000083700000, 0x0000000083700000, 0x0000000083800000|  0%| F|  |TAMS 0x0000000083700000, 0x0000000083700000| Untracked 
|  10|0x0000000083800000, 0x0000000083800000, 0x0000000083900000|  0%| F|  |TAMS 0x0000000083800000, 0x0000000083800000| Untracked 
|  11|0x0000000083900000, 0x0000000083900000, 0x0000000083a00000|  0%| F|  |TAMS 0x0000000083900000, 0x0000000083900000| Untracked 
|  12|0x0000000083a00000, 0x0000000083a00000, 0x0000000083b00000|  0%| F|  |TAMS 0x0000000083a00000, 0x0000000083a00000| Untracked 
|  13|0x0000000083b00000, 0x0000000083b00000, 0x0000000083c00000|  0%| F|  |TAMS 0x0000000083b00000, 0x0000000083b00000| Untracked 
|  14|0x0000000083c00000, 0x0000000083c00000, 0x0000000083d00000|  0%| F|  |TAMS 0x0000000083c00000, 0x0000000083c00000| Untracked 
|  15|0x0000000083d00000, 0x0000000083d00000, 0x0000000083e00000|  0%| F|  |TAMS 0x0000000083d00000, 0x0000000083d00000| Untracked 
|  16|0x0000000083e00000, 0x0000000083e00000, 0x0000000083f00000|  0%| F|  |TAMS 0x0000000083e00000, 0x0000000083e00000| Untracked 
|  17|0x0000000083f00000, 0x0000000083f00000, 0x0000000084000000|  0%| F|  |TAMS 0x0000000083f00000, 0x0000000083f00000| Untracked 
|  18|0x0000000084000000, 0x0000000084000000, 0x0000000084100000|  0%| F|  |TAMS 0x0000000084000000, 0x0000000084000000| Untracked 
|  19|0x0000000084100000, 0x0000000084100000, 0x0000000084200000|  0%| F|  |TAMS 0x0000000084100000, 0x0000000084100000| Untracked 
|  20|0x0000000084200000, 0x0000000084200000, 0x0000000084300000|  0%| F|  |TAMS 0x0000000084200000, 0x0000000084200000| Untracked 
|  21|0x0000000084300000, 0x0000000084300000, 0x0000000084400000|  0%| F|  |TAMS 0x0000000084300000, 0x0000000084300000| Untracked 
|  22|0x0000000084400000, 0x0000000084400000, 0x0000000084500000|  0%| F|  |TAMS 0x0000000084400000, 0x0000000084400000| Untracked 
|  23|0x0000000084500000, 0x0000000084500000, 0x0000000084600000|  0%| F|  |TAMS 0x0000000084500000, 0x0000000084500000| Untracked 
|  24|0x0000000084600000, 0x0000000084600000, 0x0000000084700000|  0%| F|  |TAMS 0x0000000084600000, 0x0000000084600000| Untracked 
|  25|0x0000000084700000, 0x0000000084700000, 0x0000000084800000|  0%| F|  |TAMS 0x0000000084700000, 0x0000000084700000| Untracked 
|  26|0x0000000084800000, 0x0000000084800000, 0x0000000084900000|  0%| F|  |TAMS 0x0000000084800000, 0x0000000084800000| Untracked 
|  27|0x0000000084900000, 0x0000000084900000, 0x0000000084a00000|  0%| F|  |TAMS 0x0000000084900000, 0x0000000084900000| Untracked 
|  28|0x0000000084a00000, 0x0000000084a00000, 0x0000000084b00000|  0%| F|  |TAMS 0x0000000084a00000, 0x0000000084a00000| Untracked 
|  29|0x0000000084b00000, 0x0000000084b00000, 0x0000000084c00000|  0%| F|  |TAMS 0x0000000084b00000, 0x0000000084b00000| Untracked 
|  30|0x0000000084c00000, 0x0000000084c00000, 0x0000000084d00000|  0%| F|  |TAMS 0x0000000084c00000, 0x0000000084c00000| Untracked 
|  31|0x0000000084d00000, 0x0000000084d00000, 0x0000000084e00000|  0%| F|  |TAMS 0x0000000084d00000, 0x0000000084d00000| Untracked 
|  32|0x0000000084e00000, 0x0000000084e00000, 0x0000000084f00000|  0%| F|  |TAMS 0x0000000084e00000, 0x0000000084e00000| Untracked 
|  33|0x0000000084f00000, 0x0000000084f00000, 0x0000000085000000|  0%| F|  |TAMS 0x0000000084f00000, 0x0000000084f00000| Untracked 
|  34|0x0000000085000000, 0x0000000085000000, 0x0000000085100000|  0%| F|  |TAMS 0x0000000085000000, 0x0000000085000000| Untracked 
|  35|0x0000000085100000, 0x0000000085100000, 0x0000000085200000|  0%| F|  |TAMS 0x0000000085100000, 0x0000000085100000| Untracked 
|  36|0x0000000085200000, 0x0000000085200000, 0x0000000085300000|  0%| F|  |TAMS 0x0000000085200000, 0x0000000085200000| Untracked 
|  37|0x0000000085300000, 0x0000000085300000, 0x0000000085400000|  0%| F|  |TAMS 0x0000000085300000, 0x0000000085300000| Untracked 
|  38|0x0000000085400000, 0x0000000085400000, 0x0000000085500000|  0%| F|  |TAMS 0x0000000085400000, 0x0000000085400000| Untracked 
|  39|0x0000000085500000, 0x0000000085500000, 0x0000000085600000|  0%| F|  |TAMS 0x0000000085500000, 0x0000000085500000| Untracked 
|  40|0x0000000085600000, 0x0000000085600000, 0x0000000085700000|  0%| F|  |TAMS 0x0000000085600000, 0x0000000085600000| Untracked 
|  41|0x0000000085700000, 0x0000000085700000, 0x0000000085800000|  0%| F|  |TAMS 0x0000000085700000, 0x0000000085700000| Untracked 
|  42|0x0000000085800000, 0x0000000085800000, 0x0000000085900000|  0%| F|  |TAMS 0x0000000085800000, 0x0000000085800000| Untracked 
|  43|0x0000000085900000, 0x0000000085900000, 0x0000000085a00000|  0%| F|  |TAMS 0x0000000085900000, 0x0000000085900000| Untracked 
|  44|0x0000000085a00000, 0x0000000085a00000, 0x0000000085b00000|  0%| F|  |TAMS 0x0000000085a00000, 0x0000000085a00000| Untracked 
|  45|0x0000000085b00000, 0x0000000085b00000, 0x0000000085c00000|  0%| F|  |TAMS 0x0000000085b00000, 0x0000000085b00000| Untracked 
|  46|0x0000000085c00000, 0x0000000085c00000, 0x0000000085d00000|  0%| F|  |TAMS 0x0000000085c00000, 0x0000000085c00000| Untracked 
|  47|0x0000000085d00000, 0x0000000085d00000, 0x0000000085e00000|  0%| F|  |TAMS 0x0000000085d00000, 0x0000000085d00000| Untracked 
|  48|0x0000000085e00000, 0x0000000085e00000, 0x0000000085f00000|  0%| F|  |TAMS 0x0000000085e00000, 0x0000000085e00000| Untracked 
|  49|0x0000000085f00000, 0x0000000085f00000, 0x0000000086000000|  0%| F|  |TAMS 0x0000000085f00000, 0x0000000085f00000| Untracked 
|  50|0x0000000086000000, 0x0000000086000000, 0x0000000086100000|  0%| F|  |TAMS 0x0000000086000000, 0x0000000086000000| Untracked 
|  51|0x0000000086100000, 0x0000000086100000, 0x0000000086200000|  0%| F|  |TAMS 0x0000000086100000, 0x0000000086100000| Untracked 
|  52|0x0000000086200000, 0x0000000086200000, 0x0000000086300000|  0%| F|  |TAMS 0x0000000086200000, 0x0000000086200000| Untracked 
|  53|0x0000000086300000, 0x0000000086300000, 0x0000000086400000|  0%| F|  |TAMS 0x0000000086300000, 0x0000000086300000| Untracked 
|  54|0x0000000086400000, 0x0000000086400000, 0x0000000086500000|  0%| F|  |TAMS 0x0000000086400000, 0x0000000086400000| Untracked 
|  55|0x0000000086500000, 0x0000000086500000, 0x0000000086600000|  0%| F|  |TAMS 0x0000000086500000, 0x0000000086500000| Untracked 
|  56|0x0000000086600000, 0x0000000086600000, 0x0000000086700000|  0%| F|  |TAMS 0x0000000086600000, 0x0000000086600000| Untracked 
|  57|0x0000000086700000, 0x0000000086700000, 0x0000000086800000|  0%| F|  |TAMS 0x0000000086700000, 0x0000000086700000| Untracked 
|  58|0x0000000086800000, 0x0000000086800000, 0x0000000086900000|  0%| F|  |TAMS 0x0000000086800000, 0x0000000086800000| Untracked 
|  59|0x0000000086900000, 0x0000000086900000, 0x0000000086a00000|  0%| F|  |TAMS 0x0000000086900000, 0x0000000086900000| Untracked 
|  60|0x0000000086a00000, 0x0000000086a00000, 0x0000000086b00000|  0%| F|  |TAMS 0x0000000086a00000, 0x0000000086a00000| Untracked 
|  61|0x0000000086b00000, 0x0000000086b00000, 0x0000000086c00000|  0%| F|  |TAMS 0x0000000086b00000, 0x0000000086b00000| Untracked 
|  62|0x0000000086c00000, 0x0000000086c00000, 0x0000000086d00000|  0%| F|  |TAMS 0x0000000086c00000, 0x0000000086c00000| Untracked 
|  63|0x0000000086d00000, 0x0000000086d00000, 0x0000000086e00000|  0%| F|  |TAMS 0x0000000086d00000, 0x0000000086d00000| Untracked 
|  64|0x0000000086e00000, 0x0000000086e00000, 0x0000000086f00000|  0%| F|  |TAMS 0x0000000086e00000, 0x0000000086e00000| Untracked 
|  65|0x0000000086f00000, 0x0000000086f00000, 0x0000000087000000|  0%| F|  |TAMS 0x0000000086f00000, 0x0000000086f00000| Untracked 
|  66|0x0000000087000000, 0x0000000087000000, 0x0000000087100000|  0%| F|  |TAMS 0x0000000087000000, 0x0000000087000000| Untracked 
|  67|0x0000000087100000, 0x0000000087100000, 0x0000000087200000|  0%| F|  |TAMS 0x0000000087100000, 0x0000000087100000| Untracked 
|  68|0x0000000087200000, 0x0000000087200000, 0x0000000087300000|  0%| F|  |TAMS 0x0000000087200000, 0x0000000087200000| Untracked 
|  69|0x0000000087300000, 0x0000000087300000, 0x0000000087400000|  0%| F|  |TAMS 0x0000000087300000, 0x0000000087300000| Untracked 
|  70|0x0000000087400000, 0x0000000087400000, 0x0000000087500000|  0%| F|  |TAMS 0x0000000087400000, 0x0000000087400000| Untracked 
|  71|0x0000000087500000, 0x0000000087500000, 0x0000000087600000|  0%| F|  |TAMS 0x0000000087500000, 0x0000000087500000| Untracked 
|  72|0x0000000087600000, 0x0000000087600000, 0x0000000087700000|  0%| F|  |TAMS 0x0000000087600000, 0x0000000087600000| Untracked 
|  73|0x0000000087700000, 0x0000000087700000, 0x0000000087800000|  0%| F|  |TAMS 0x0000000087700000, 0x0000000087700000| Untracked 
|  74|0x0000000087800000, 0x0000000087800000, 0x0000000087900000|  0%| F|  |TAMS 0x0000000087800000, 0x0000000087800000| Untracked 
|  75|0x0000000087900000, 0x0000000087900000, 0x0000000087a00000|  0%| F|  |TAMS 0x0000000087900000, 0x0000000087900000| Untracked 
|  76|0x0000000087a00000, 0x0000000087a00000, 0x0000000087b00000|  0%| F|  |TAMS 0x0000000087a00000, 0x0000000087a00000| Untracked 
|  77|0x0000000087b00000, 0x0000000087b00000, 0x0000000087c00000|  0%| F|  |TAMS 0x0000000087b00000, 0x0000000087b00000| Untracked 
|  78|0x0000000087c00000, 0x0000000087c00000, 0x0000000087d00000|  0%| F|  |TAMS 0x0000000087c00000, 0x0000000087c00000| Untracked 
|  79|0x0000000087d00000, 0x0000000087d00000, 0x0000000087e00000|  0%| F|  |TAMS 0x0000000087d00000, 0x0000000087d00000| Untracked 
|  80|0x0000000087e00000, 0x0000000087e00000, 0x0000000087f00000|  0%| F|  |TAMS 0x0000000087e00000, 0x0000000087e00000| Untracked 
|  81|0x0000000087f00000, 0x0000000087f00000, 0x0000000088000000|  0%| F|  |TAMS 0x0000000087f00000, 0x0000000087f00000| Untracked 
|  82|0x0000000088000000, 0x0000000088000000, 0x0000000088100000|  0%| F|  |TAMS 0x0000000088000000, 0x0000000088000000| Untracked 
|  83|0x0000000088100000, 0x0000000088100000, 0x0000000088200000|  0%| F|  |TAMS 0x0000000088100000, 0x0000000088100000| Untracked 
|  84|0x0000000088200000, 0x0000000088200000, 0x0000000088300000|  0%| F|  |TAMS 0x0000000088200000, 0x0000000088200000| Untracked 
|  85|0x0000000088300000, 0x0000000088300000, 0x0000000088400000|  0%| F|  |TAMS 0x0000000088300000, 0x0000000088300000| Untracked 
|  86|0x0000000088400000, 0x0000000088400000, 0x0000000088500000|  0%| F|  |TAMS 0x0000000088400000, 0x0000000088400000| Untracked 
|  87|0x0000000088500000, 0x0000000088500000, 0x0000000088600000|  0%| F|  |TAMS 0x0000000088500000, 0x0000000088500000| Untracked 
|  88|0x0000000088600000, 0x0000000088600000, 0x0000000088700000|  0%| F|  |TAMS 0x0000000088600000, 0x0000000088600000| Untracked 
|  89|0x0000000088700000, 0x0000000088700000, 0x0000000088800000|  0%| F|  |TAMS 0x0000000088700000, 0x0000000088700000| Untracked 
|  90|0x0000000088800000, 0x0000000088800000, 0x0000000088900000|  0%| F|  |TAMS 0x0000000088800000, 0x0000000088800000| Untracked 
|  91|0x0000000088900000, 0x0000000088900000, 0x0000000088a00000|  0%| F|  |TAMS 0x0000000088900000, 0x0000000088900000| Untracked 
|  92|0x0000000088a00000, 0x0000000088a00000, 0x0000000088b00000|  0%| F|  |TAMS 0x0000000088a00000, 0x0000000088a00000| Untracked 
|  93|0x0000000088b00000, 0x0000000088b00000, 0x0000000088c00000|  0%| F|  |TAMS 0x0000000088b00000, 0x0000000088b00000| Untracked 
|  94|0x0000000088c00000, 0x0000000088c00000, 0x0000000088d00000|  0%| F|  |TAMS 0x0000000088c00000, 0x0000000088c00000| Untracked 
|  95|0x0000000088d00000, 0x0000000088d00000, 0x0000000088e00000|  0%| F|  |TAMS 0x0000000088d00000, 0x0000000088d00000| Untracked 
|  96|0x0000000088e00000, 0x0000000088e00000, 0x0000000088f00000|  0%| F|  |TAMS 0x0000000088e00000, 0x0000000088e00000| Untracked 
|  97|0x0000000088f00000, 0x0000000088f00000, 0x0000000089000000|  0%| F|  |TAMS 0x0000000088f00000, 0x0000000088f00000| Untracked 
|  98|0x0000000089000000, 0x0000000089000000, 0x0000000089100000|  0%| F|  |TAMS 0x0000000089000000, 0x0000000089000000| Untracked 
|  99|0x0000000089100000, 0x0000000089100000, 0x0000000089200000|  0%| F|  |TAMS 0x0000000089100000, 0x0000000089100000| Untracked 
| 100|0x0000000089200000, 0x0000000089300000, 0x0000000089300000|100%| S|CS|TAMS 0x0000000089200000, 0x0000000089200000| Complete 
| 101|0x0000000089300000, 0x0000000089400000, 0x0000000089400000|100%| S|CS|TAMS 0x0000000089300000, 0x0000000089300000| Complete 
| 102|0x0000000089400000, 0x0000000089500000, 0x0000000089500000|100%| S|CS|TAMS 0x0000000089400000, 0x0000000089400000| Complete 
| 103|0x0000000089500000, 0x0000000089500000, 0x0000000089600000|  0%| F|  |TAMS 0x0000000089500000, 0x0000000089500000| Untracked 
| 104|0x0000000089600000, 0x0000000089600000, 0x0000000089700000|  0%| F|  |TAMS 0x0000000089600000, 0x0000000089600000| Untracked 
| 105|0x0000000089700000, 0x0000000089700000, 0x0000000089800000|  0%| F|  |TAMS 0x0000000089700000, 0x0000000089700000| Untracked 
| 106|0x0000000089800000, 0x0000000089800000, 0x0000000089900000|  0%| F|  |TAMS 0x0000000089800000, 0x0000000089800000| Untracked 
| 107|0x0000000089900000, 0x0000000089900000, 0x0000000089a00000|  0%| F|  |TAMS 0x0000000089900000, 0x0000000089900000| Untracked 
| 108|0x0000000089a00000, 0x0000000089a00000, 0x0000000089b00000|  0%| F|  |TAMS 0x0000000089a00000, 0x0000000089a00000| Untracked 
| 109|0x0000000089b00000, 0x0000000089b00000, 0x0000000089c00000|  0%| F|  |TAMS 0x0000000089b00000, 0x0000000089b00000| Untracked 
| 110|0x0000000089c00000, 0x0000000089c00000, 0x0000000089d00000|  0%| F|  |TAMS 0x0000000089c00000, 0x0000000089c00000| Untracked 
| 111|0x0000000089d00000, 0x0000000089d00000, 0x0000000089e00000|  0%| F|  |TAMS 0x0000000089d00000, 0x0000000089d00000| Untracked 
| 112|0x0000000089e00000, 0x0000000089e00000, 0x0000000089f00000|  0%| F|  |TAMS 0x0000000089e00000, 0x0000000089e00000| Untracked 
| 113|0x0000000089f00000, 0x0000000089f00000, 0x000000008a000000|  0%| F|  |TAMS 0x0000000089f00000, 0x0000000089f00000| Untracked 
| 114|0x000000008a000000, 0x000000008a000000, 0x000000008a100000|  0%| F|  |TAMS 0x000000008a000000, 0x000000008a000000| Untracked 
| 115|0x000000008a100000, 0x000000008a100000, 0x000000008a200000|  0%| F|  |TAMS 0x000000008a100000, 0x000000008a100000| Untracked 
| 116|0x000000008a200000, 0x000000008a200000, 0x000000008a300000|  0%| F|  |TAMS 0x000000008a200000, 0x000000008a200000| Untracked 
| 117|0x000000008a300000, 0x000000008a300000, 0x000000008a400000|  0%| F|  |TAMS 0x000000008a300000, 0x000000008a300000| Untracked 
| 118|0x000000008a400000, 0x000000008a400000, 0x000000008a500000|  0%| F|  |TAMS 0x000000008a400000, 0x000000008a400000| Untracked 
| 119|0x000000008a500000, 0x000000008a500000, 0x000000008a600000|  0%| F|  |TAMS 0x000000008a500000, 0x000000008a500000| Untracked 
| 120|0x000000008a600000, 0x000000008a600000, 0x000000008a700000|  0%| F|  |TAMS 0x000000008a600000, 0x000000008a600000| Untracked 
| 121|0x000000008a700000, 0x000000008a700000, 0x000000008a800000|  0%| F|  |TAMS 0x000000008a700000, 0x000000008a700000| Untracked 
| 122|0x000000008a800000, 0x000000008a800000, 0x000000008a900000|  0%| F|  |TAMS 0x000000008a800000, 0x000000008a800000| Untracked 
| 123|0x000000008a900000, 0x000000008a9b16a8, 0x000000008aa00000| 69%| E|  |TAMS 0x000000008a900000, 0x000000008a900000| Complete 
| 124|0x000000008aa00000, 0x000000008ab00000, 0x000000008ab00000|100%| E|CS|TAMS 0x000000008aa00000, 0x000000008aa00000| Complete 
| 125|0x000000008ab00000, 0x000000008ac00000, 0x000000008ac00000|100%| E|CS|TAMS 0x000000008ab00000, 0x000000008ab00000| Complete 

Card table byte_map: [0x000001394a4c0000,0x000001394a8b0000] _byte_map_base: 0x000001394a0a9000

Marking Bits (Prev, Next): (CMBitMap*) 0x00000139373be2d0, (CMBitMap*) 0x00000139373be310
 Prev Bits: [0x000001394aca0000, 0x000001394cbe8000)
 Next Bits: [0x000001394cbf0000, 0x000001394eb38000)

Polling page: 0x0000013935220000

Metaspace:

Usage:
  Non-class:     16.98 MB capacity,    16.85 MB (>99%) used,   110.05 KB ( <1%) free+waste,    21.81 KB ( <1%) overhead. 
      Class:      2.04 MB capacity,     1.97 MB ( 97%) used,    65.54 KB (  3%) free+waste,     7.50 KB ( <1%) overhead. 
       Both:     19.02 MB capacity,    18.82 MB ( 99%) used,   175.59 KB ( <1%) free+waste,    29.31 KB ( <1%) overhead. 

Virtual space:
  Non-class space:       18.00 MB reserved,      17.00 MB ( 94%) committed 
      Class space:        1.00 GB reserved,       2.12 MB ( <1%) committed 
             Both:        1.02 GB reserved,      19.12 MB (  2%) committed 

Chunk freelists:
   Non-Class:  19.00 KB
       Class:  20.00 KB
        Both:  39.00 KB

MaxMetaspaceSize: 17179869184.00 GB
CompressedClassSpaceSize: 1.00 GB

CodeHeap 'non-profiled nmethods': size=120000Kb used=583Kb max_used=583Kb free=119417Kb
 bounds [0x0000013942870000, 0x0000013942ae0000, 0x0000013949da0000]
CodeHeap 'profiled nmethods': size=120000Kb used=3759Kb max_used=3759Kb free=116240Kb
 bounds [0x000001393b340000, 0x000001393b6f0000, 0x0000013942870000]
CodeHeap 'non-nmethods': size=5760Kb used=1315Kb max_used=1355Kb free=4444Kb
 bounds [0x000001393ada0000, 0x000001393b010000, 0x000001393b340000]
 total_blobs=2616 nmethods=1999 adapters=529
 compilation: enabled
              stopped_count=0, restarted_count=0
 full_count=0

Compilation events (20 events):
Event: 43819.282 Thread 0x0000013951dfdb20 1991       3       java.util.WeakHashMap$KeyIterator::next (8 bytes)
Event: 43819.283 Thread 0x0000013951dfdb20 nmethod 1991 0x000001393b6e7e10 code [0x000001393b6e7fe0, 0x000001393b6e8368]
Event: 43819.283 Thread 0x0000013951dfdb20 1992       3       java.util.WeakHashMap$HashIterator::nextEntry (81 bytes)
Event: 43819.285 Thread 0x0000013951dfdb20 nmethod 1992 0x000001393b6e8490 code [0x000001393b6e8680, 0x000001393b6e8b28]
Event: 43819.286 Thread 0x0000013951dfc7e0 nmethod 1993 0x0000013942900f10 code [0x0000013942901080, 0x00000139429010f8]
Event: 48277.636 Thread 0x0000013951dfdb20 1995       3       sun.awt.image.VolatileSurfaceManager::displayChanged (102 bytes)
Event: 48277.680 Thread 0x0000013951dfdb20 nmethod 1995 0x000001393b6e8c90 code [0x000001393b6e8ec0, 0x000001393b6e9898]
Event: 48277.680 Thread 0x0000013951dfdb20 1996       3       sun.awt.image.SunVolatileImage::updateGraphicsConfig (25 bytes)
Event: 48277.680 Thread 0x0000013951dfdb20 nmethod 1996 0x000001393b6e9b10 code [0x000001393b6e9cc0, 0x000001393b6e9f78]
Event: 48277.821 Thread 0x0000013951dfdb20 1997       1       sun.awt.NullComponentPeer::updateGraphicsData (2 bytes)
Event: 48277.821 Thread 0x0000013951dfdb20 nmethod 1997 0x0000013942901210 code [0x00000139429013a0, 0x0000013942901458]
Event: 48305.721 Thread 0x0000013951dfc7e0 1998       4       java.util.HashMap$HashIterator::nextNode (100 bytes)
Event: 48305.721 Thread 0x0000013951dfdb20 1999       3       java.util.HashMap$KeySet::iterator (12 bytes)
Event: 48305.722 Thread 0x0000013951dfdb20 nmethod 1999 0x000001393b6ea090 code [0x000001393b6ea240, 0x000001393b6ea488]
Event: 48305.722 Thread 0x0000013951dfdb20 2001       3       java.util.WeakHashMap::put (162 bytes)
Event: 48305.728 Thread 0x0000013951dfdb20 nmethod 2001 0x000001393b6ea590 code [0x000001393b6ea800, 0x000001393b6eb618]
Event: 48305.728 Thread 0x0000013951dfdb20 2000       3       java.util.HashMap$KeyIterator::<init> (11 bytes)
Event: 48305.728 Thread 0x0000013951dfdb20 nmethod 2000 0x000001393b6ebb10 code [0x000001393b6ebcc0, 0x000001393b6ebe48]
Event: 48305.734 Thread 0x0000013951dfc7e0 nmethod 1998 0x0000013942901510 code [0x00000139429016a0, 0x0000013942901ab8]
Event: 48305.977 Thread 0x0000013951dfc7e0 2002   !   4       sun.awt.PostEventQueue::flush (168 bytes)

GC Heap History (2 events):
Event: 34925.989 GC heap before
{Heap before GC invocations=0 (full 0):
 garbage-first heap   total 129024K, used 27648K [0x0000000082e00000, 0x0000000100000000)
  region size 1024K, 23 young (23552K), 0 survivors (0K)
 Metaspace       used 19258K, capacity 19481K, committed 19584K, reserved 1067008K
  class space    used 2018K, capacity 2092K, committed 2176K, reserved 1048576K
}
Event: 34925.997 GC heap after
{Heap after GC invocations=1 (full 0):
 garbage-first heap   total 129024K, used 7728K [0x0000000082e00000, 0x0000000100000000)
  region size 1024K, 3 young (3072K), 3 survivors (3072K)
 Metaspace       used 19258K, capacity 19481K, committed 19584K, reserved 1067008K
  class space    used 2018K, capacity 2092K, committed 2176K, reserved 1048576K
}

Deoptimization events (20 events):
Event: 2297.404 Thread 0x0000013952802470 DEOPT PACKING pc=0x00000139428b2844 sp=0x00000034125fea60
Event: 2297.405 Thread 0x0000013952802470 DEOPT UNPACKING pc=0x000001393adee42f sp=0x00000034125fea00 mode 2
Event: 2297.405 Thread 0x0000013952802470 Uncommon trap: trap_request=0xffffffde fr.pc=0x00000139428b2844 relative=0x0000000000000aa4
Event: 2297.405 Thread 0x0000013952802470 Uncommon trap: reason=class_check action=maybe_recompile pc=0x00000139428b2844 method=java.util.HashMap.putVal(ILjava/lang/Object;Ljava/lang/Object;ZZ)Ljava/lang/Object; @ 203 c2
Event: 2297.405 Thread 0x0000013952802470 DEOPT PACKING pc=0x00000139428b2844 sp=0x00000034125fea60
Event: 2297.405 Thread 0x0000013952802470 DEOPT UNPACKING pc=0x000001393adee42f sp=0x00000034125fea00 mode 2
Event: 2297.405 Thread 0x0000013952802470 Uncommon trap: trap_request=0xffffffde fr.pc=0x00000139428b2844 relative=0x0000000000000aa4
Event: 2297.405 Thread 0x0000013952802470 Uncommon trap: reason=class_check action=maybe_recompile pc=0x00000139428b2844 method=java.util.HashMap.putVal(ILjava/lang/Object;Ljava/lang/Object;ZZ)Ljava/lang/Object; @ 203 c2
Event: 2297.405 Thread 0x0000013952802470 DEOPT PACKING pc=0x00000139428b2844 sp=0x00000034125fea60
Event: 2297.405 Thread 0x0000013952802470 DEOPT UNPACKING pc=0x000001393adee42f sp=0x00000034125fea00 mode 2
Event: 3822.963 Thread 0x0000013952994030 DEOPT PACKING pc=0x000001393b6d9874 sp=0x00000034127ff480
Event: 3822.963 Thread 0x0000013952994030 DEOPT UNPACKING pc=0x000001393adee23f sp=0x00000034127fea20 mode 0
Event: 4417.444 Thread 0x0000013952994030 DEOPT PACKING pc=0x000001393b6d9874 sp=0x00000034127ff480
Event: 4417.444 Thread 0x0000013952994030 DEOPT UNPACKING pc=0x000001393adee23f sp=0x00000034127fea20 mode 0
Event: 5011.864 Thread 0x0000013952994030 DEOPT PACKING pc=0x000001393b6d9874 sp=0x00000034127ff480
Event: 5011.864 Thread 0x0000013952994030 DEOPT UNPACKING pc=0x000001393adee23f sp=0x00000034127fea20 mode 0
Event: 34926.105 Thread 0x0000013952994030 Uncommon trap: trap_request=0xffffff45 fr.pc=0x00000139428fb1ac relative=0x0000000000000aac
Event: 34926.105 Thread 0x0000013952994030 Uncommon trap: reason=unstable_if action=reinterpret pc=0x00000139428fb1ac method=java.util.ArrayList.toArray([Ljava/lang/Object;)[Ljava/lang/Object; @ 6 c2
Event: 34926.105 Thread 0x0000013952994030 DEOPT PACKING pc=0x00000139428fb1ac sp=0x00000034127ff580
Event: 34926.105 Thread 0x0000013952994030 DEOPT UNPACKING pc=0x000001393adee42f sp=0x00000034127ff4a8 mode 2

Classes unloaded (0 events):
No events

Classes redefined (0 events):
No events

Internal exceptions (16 events):
Event: 0.339 Thread 0x000001393737cce0 Exception <a 'java/lang/NoSuchMethodError'{0x000000008aa28228}: 'void java.lang.invoke.DirectMethodHandle$Holder.invokeSpecial(java.lang.Object, java.lang.Object, java.lang.Object)'> (0x000000008aa28228) 
thrown [./open/src/hotspot/share/interpreter/linkResolver.cpp, line 782]
Event: 0.460 Thread 0x000001393737cce0 Exception <a 'java/lang/ClassNotFoundException'{0x000000008aa532f0}: sun/awt/resources/spi/awtProvider> (0x000000008aa532f0) 
thrown [./open/src/hotspot/share/classfile/systemDictionary.cpp, line 295]
Event: 0.546 Thread 0x000001393737cce0 Exception <a 'java/io/FileNotFoundException'{0x000000008aaaf858}> (0x000000008aaaf858) 
thrown [./open/src/hotspot/share/prims/jni.cpp, line 578]
Event: 0.571 Thread 0x000001393737cce0 Exception <a 'java/io/FileNotFoundException'{0x000000008aade178}> (0x000000008aade178) 
thrown [./open/src/hotspot/share/prims/jni.cpp, line 578]
Event: 0.574 Thread 0x000001393737cce0 Exception <a 'java/lang/NoSuchMethodError'{0x000000008aadf4e0}: 'java.lang.Object java.lang.invoke.DirectMethodHandle$Holder.invokeStatic(java.lang.Object)'> (0x000000008aadf4e0) 
thrown [./open/src/hotspot/share/interpreter/linkResolver.cpp, line 782]
Event: 0.715 Thread 0x000001393737cce0 Exception <a 'java/lang/NoSuchMethodError'{0x000000008a93b9d0}: 'java.lang.Object java.lang.invoke.DirectMethodHandle$Holder.invokeStaticInit(java.lang.Object)'> (0x000000008a93b9d0) 
thrown [./open/src/hotspot/share/interpreter/linkResolver.cpp, line 782]
Event: 1.207 Thread 0x000001393737cce0 Exception <a 'java/lang/NoSuchMethodError'{0x000000008a824d40}: 'java.lang.Object java.lang.invoke.DirectMethodHandle$Holder.newInvokeSpecial(java.lang.Object, java.lang.Object, java.lang.Object, java.lang.Object, java.lang.Object)'> (0x000000008a824d40) 
thrown [./open/src/hotspot/share/interpreter/linkResolver.cpp, line 782]
Event: 1.212 Thread 0x000001393737cce0 Exception <a 'java/lang/NoSuchMethodError'{0x000000008a8307d0}: 'java.lang.Object java.lang.invoke.DirectMethodHandle$Holder.invokeStatic(java.lang.Object, int, java.lang.Object, java.lang.Object, java.lang.Object, java.lang.Object)'> (0x000000008a8307d0) 
thrown [./open/src/hotspot/share/interpreter/linkResolver.cpp, line 782]
Event: 1.224 Thread 0x000001393737cce0 Exception <a 'java/lang/NoSuchMethodError'{0x000000008a856a78}: 'java.lang.Object java.lang.invoke.DirectMethodHandle$Holder.invokeStatic(java.lang.Object, int, java.lang.Object)'> (0x000000008a856a78) 
thrown [./open/src/hotspot/share/interpreter/linkResolver.cpp, line 782]
Event: 1.281 Thread 0x000001393737cce0 Exception <a 'java/lang/ClassNotFoundException'{0x000000008a70f6b0}: com/sun/swing/internal/plaf/metal/resources/spi/metalProvider> (0x000000008a70f6b0) 
thrown [./open/src/hotspot/share/classfile/systemDictionary.cpp, line 295]
Event: 1.283 Thread 0x000001393737cce0 Exception <a 'java/lang/ClassNotFoundException'{0x000000008a713890}: com/sun/swing/internal/plaf/basic/resources/spi/basicProvider> (0x000000008a713890) 
thrown [./open/src/hotspot/share/classfile/systemDictionary.cpp, line 295]
Event: 1.528 Thread 0x0000013952806c90 Exception <a 'java/lang/NoSuchMethodError'{0x000000008a565f90}: 'java.lang.Object java.lang.invoke.DirectMethodHandle$Holder.newInvokeSpecial(java.lang.Object, java.lang.Object, java.lang.Object, int, int, int, int, int)'> (0x000000008a565f90) 
thrown [./open/src/hotspot/share/interpreter/linkResolver.cpp, line 782]
Event: 1.669 Thread 0x000001393737cce0 Exception <a 'java/lang/NoSuchMethodError'{0x000000008a3efd60}: 'void java.lang.invoke.DirectMethodHandle$Holder.invokeStaticInit(java.lang.Object)'> (0x000000008a3efd60) 
thrown [./open/src/hotspot/share/interpreter/linkResolver.cpp, line 782]
Event: 1.915 Thread 0x000001393737cce0 Exception <a 'java/lang/ClassCastException'{0x000000008a253e98}: class java.lang.String cannot be cast to class model.Person (java.lang.String is in module java.base of loader 'bootstrap'; model.Person is in unnamed module of loader 'app')> (0x000000008a253e98) 
thrown [./open/src/hotspot/share/interpreter/interpreterRuntime.cpp, line 459]
Event: 7.756 Thread 0x0000013952802470 Exception <a 'java/lang/NoSuchMethodError'{0x0000000089dea758}: 'java.lang.Object java.lang.invoke.DirectMethodHandle$Holder.invokeInterface(java.lang.Object, java.lang.Object)'> (0x0000000089dea758) 
thrown [./open/src/hotspot/share/interpreter/linkResolver.cpp, line 782]
Event: 34913.909 Thread 0x0000013952802470 Exception <a 'java/lang/NoSuchMethodError'{0x0000000089aa8318}: 'void java.lang.invoke.DirectMethodHandle$Holder.invokeVirtual(java.lang.Object, java.lang.Object)'> (0x0000000089aa8318) 
thrown [./open/src/hotspot/share/interpreter/linkResolver.cpp, line 782]

Events (20 events):
Event: 17.560 loading class javax/swing/plaf/basic/BasicPopupMenuUI$MouseGrabber$2 done
Event: 18.745 Executing VM operation: HandshakeAllThreads
Event: 18.745 Executing VM operation: HandshakeAllThreads done
Event: 25.828 Executing VM operation: HandshakeAllThreads
Event: 25.828 Executing VM operation: HandshakeAllThreads done
Event: 894.478 loading class java/awt/desktop/SystemSleepListener
Event: 894.478 loading class java/awt/desktop/SystemEventListener
Event: 894.478 loading class java/awt/desktop/SystemEventListener done
Event: 894.478 loading class java/awt/desktop/SystemSleepListener done
Event: 3696.068 Loaded shared library C:\Users\Asus\.p2\pool\plugins\org.eclipse.justj.openjdk.hotspot.jre.full.win32.x86_64_15.0.2.v20210201-0955\jre\bin\java.dll
Event: 34913.899 loading class java/util/WeakHashMap$KeyIterator
Event: 34913.902 loading class java/util/WeakHashMap$HashIterator
Event: 34913.905 loading class java/util/WeakHashMap$HashIterator done
Event: 34913.905 loading class java/util/WeakHashMap$KeyIterator done
Event: 34925.989 Executing VM operation: G1CollectForAllocation
Event: 34925.997 Executing VM operation: G1CollectForAllocation done
Event: 34926.003 loading class javax/swing/RepaintManager$DisplayChangedRunnable
Event: 34926.003 loading class javax/swing/RepaintManager$DisplayChangedRunnable done
Event: 34927.004 Executing VM operation: HandshakeAllThreads
Event: 34927.004 Executing VM operation: HandshakeAllThreads done


Dynamic libraries:
0x00007ff6bd760000 - 0x00007ff6bd76d000 	C:\Users\Asus\.p2\pool\plugins\org.eclipse.justj.openjdk.hotspot.jre.full.win32.x86_64_15.0.2.v20210201-0955\jre\bin\javaw.exe
0x00007ffa47490000 - 0x00007ffa47685000 	C:\WINDOWS\SYSTEM32\ntdll.dll
0x00007ffa45be0000 - 0x00007ffa45c9d000 	C:\WINDOWS\System32\KERNEL32.DLL
0x00007ffa44f30000 - 0x00007ffa451f8000 	C:\WINDOWS\System32\KERNELBASE.dll
0x00007ffa45290000 - 0x00007ffa45390000 	C:\WINDOWS\System32\ucrtbase.dll
0x00007ffa42dc0000 - 0x00007ffa42dd8000 	C:\Users\Asus\.p2\pool\plugins\org.eclipse.justj.openjdk.hotspot.jre.full.win32.x86_64_15.0.2.v20210201-0955\jre\bin\jli.dll
0x00007ffa42da0000 - 0x00007ffa42db9000 	C:\Users\Asus\.p2\pool\plugins\org.eclipse.justj.openjdk.hotspot.jre.full.win32.x86_64_15.0.2.v20210201-0955\jre\bin\VCRUNTIME140.dll
0x00007ffa45e80000 - 0x00007ffa46020000 	C:\WINDOWS\System32\USER32.dll
0x00007ffa44d50000 - 0x00007ffa44d72000 	C:\WINDOWS\System32\win32u.dll
0x00007ffa43f60000 - 0x00007ffa441fa000 	C:\WINDOWS\WinSxS\amd64_microsoft.windows.common-controls_6595b64144ccf1df_6.0.19041.844_none_ca00b6081b84eb1d\COMCTL32.dll
0x00007ffa46aa0000 - 0x00007ffa46b3e000 	C:\WINDOWS\System32\msvcrt.dll
0x00007ffa46960000 - 0x00007ffa4698a000 	C:\WINDOWS\System32\GDI32.dll
0x00007ffa44e20000 - 0x00007ffa44f2b000 	C:\WINDOWS\System32\gdi32full.dll
0x00007ffa44d80000 - 0x00007ffa44e1d000 	C:\WINDOWS\System32\msvcp_win.dll
0x00007ffa46c70000 - 0x00007ffa46ca0000 	C:\WINDOWS\System32\IMM32.DLL
0x00007ffa42e40000 - 0x00007ffa42e4c000 	C:\Users\Asus\.p2\pool\plugins\org.eclipse.justj.openjdk.hotspot.jre.full.win32.x86_64_15.0.2.v20210201-0955\jre\bin\vcruntime140_1.dll
0x00007ffa315e0000 - 0x00007ffa31671000 	C:\Users\Asus\.p2\pool\plugins\org.eclipse.justj.openjdk.hotspot.jre.full.win32.x86_64_15.0.2.v20210201-0955\jre\bin\msvcp140.dll
0x00007ffa0ff40000 - 0x00007ffa10a9e000 	C:\Users\Asus\.p2\pool\plugins\org.eclipse.justj.openjdk.hotspot.jre.full.win32.x86_64_15.0.2.v20210201-0955\jre\bin\server\jvm.dll
0x00007ffa45590000 - 0x00007ffa4563c000 	C:\WINDOWS\System32\ADVAPI32.dll
0x00007ffa454f0000 - 0x00007ffa4558b000 	C:\WINDOWS\System32\sechost.dll
0x00007ffa46020000 - 0x00007ffa4614b000 	C:\WINDOWS\System32\RPCRT4.dll
0x00007ffa45e60000 - 0x00007ffa45e68000 	C:\WINDOWS\System32\PSAPI.DLL
0x00007ffa2ea70000 - 0x00007ffa2ea79000 	C:\WINDOWS\SYSTEM32\WSOCK32.dll
0x00007ffa338a0000 - 0x00007ffa338c7000 	C:\WINDOWS\SYSTEM32\WINMM.dll
0x00007ffa46db0000 - 0x00007ffa46e1b000 	C:\WINDOWS\System32\WS2_32.dll
0x00007ffa3cd90000 - 0x00007ffa3cd9a000 	C:\WINDOWS\SYSTEM32\VERSION.dll
0x00007ffa41c40000 - 0x00007ffa41c52000 	C:\WINDOWS\SYSTEM32\kernel.appcore.dll
0x00007ffa246e0000 - 0x00007ffa246ea000 	C:\Users\Asus\.p2\pool\plugins\org.eclipse.justj.openjdk.hotspot.jre.full.win32.x86_64_15.0.2.v20210201-0955\jre\bin\jimage.dll
0x00007ffa44340000 - 0x00007ffa44524000 	C:\WINDOWS\SYSTEM32\DBGHELP.DLL
0x00007ffa44310000 - 0x00007ffa4433c000 	C:\WINDOWS\SYSTEM32\dbgcore.DLL
0x00007ffa44c20000 - 0x00007ffa44ca0000 	C:\WINDOWS\System32\bcryptPrimitives.dll
0x00007ffa13e40000 - 0x00007ffa13e65000 	C:\Users\Asus\.p2\pool\plugins\org.eclipse.justj.openjdk.hotspot.jre.full.win32.x86_64_15.0.2.v20210201-0955\jre\bin\java.dll
0x00007ffa20390000 - 0x00007ffa203a8000 	C:\Users\Asus\.p2\pool\plugins\org.eclipse.justj.openjdk.hotspot.jre.full.win32.x86_64_15.0.2.v20210201-0955\jre\bin\zip.dll
0x00007ffa46150000 - 0x00007ffa46892000 	C:\WINDOWS\System32\SHELL32.dll
0x00007ffa42050000 - 0x00007ffa427e0000 	C:\WINDOWS\SYSTEM32\windows.storage.dll
0x00007ffa46fd0000 - 0x00007ffa47325000 	C:\WINDOWS\System32\combase.dll
0x00007ffa43ef0000 - 0x00007ffa43f1c000 	C:\WINDOWS\SYSTEM32\Wldp.dll
0x00007ffa468b0000 - 0x00007ffa4695e000 	C:\WINDOWS\System32\SHCORE.dll
0x00007ffa45d20000 - 0x00007ffa45d75000 	C:\WINDOWS\System32\shlwapi.dll
0x00007ffa44b10000 - 0x00007ffa44b2f000 	C:\WINDOWS\SYSTEM32\profapi.dll
0x00007ffa1b820000 - 0x00007ffa1b839000 	C:\Users\Asus\.p2\pool\plugins\org.eclipse.justj.openjdk.hotspot.jre.full.win32.x86_64_15.0.2.v20210201-0955\jre\bin\net.dll
0x00007ffa38be0000 - 0x00007ffa38ceb000 	C:\WINDOWS\SYSTEM32\WINHTTP.dll
0x00007ffa43e00000 - 0x00007ffa43e6a000 	C:\WINDOWS\system32\mswsock.dll
0x00007ffa1b340000 - 0x00007ffa1b352000 	C:\Users\Asus\.p2\pool\plugins\org.eclipse.justj.openjdk.hotspot.jre.full.win32.x86_64_15.0.2.v20210201-0955\jre\bin\nio.dll
0x00007ffa268c0000 - 0x00007ffa26a3f000 	C:\Users\Asus\.p2\pool\plugins\org.eclipse.justj.openjdk.hotspot.jre.full.win32.x86_64_15.0.2.v20210201-0955\jre\bin\awt.dll
0x00007ffa45640000 - 0x00007ffa4570d000 	C:\WINDOWS\System32\OLEAUT32.dll
0x00007ffa41790000 - 0x00007ffa41820000 	C:\WINDOWS\SYSTEM32\apphelp.dll
0x00007ffa41cb0000 - 0x00007ffa41cdf000 	C:\WINDOWS\system32\DWMAPI.DLL
0x00007ffa41970000 - 0x00007ffa41a0e000 	C:\WINDOWS\system32\uxtheme.dll
0x00007ffa314b0000 - 0x00007ffa315d6000 	C:\WINDOWS\system32\opengl32.dll
0x00007ffa429a0000 - 0x00007ffa429cc000 	C:\WINDOWS\SYSTEM32\GLU32.dll
0x00007ffa47330000 - 0x00007ffa47445000 	C:\WINDOWS\System32\MSCTF.dll
0x00007ffa46b40000 - 0x00007ffa46c6a000 	C:\WINDOWS\System32\ole32.dll
0x00007ffa39750000 - 0x00007ffa3991e000 	C:\WINDOWS\system32\d3d9.dll
0x00007ffa338d0000 - 0x00007ffa33aab000 	C:\WINDOWS\System32\DriverStore\FileRepository\u0361708.inf_amd64_7de6b99937f60751\B358199\aticfx64.dll
0x00007ffa42800000 - 0x00007ffa42833000 	C:\WINDOWS\System32\DriverStore\FileRepository\u0361708.inf_amd64_7de6b99937f60751\B358199\atiu9p64.dll
0x00007ffa06cd0000 - 0x00007ffa07966000 	C:\WINDOWS\System32\DriverStore\FileRepository\u0361708.inf_amd64_7de6b99937f60751\B358199\atiumd64.dll
0x0000000059e50000 - 0x000000005accd000 	C:\WINDOWS\System32\DriverStore\FileRepository\u0361708.inf_amd64_7de6b99937f60751\B358199\atiumd6a.dll
0x00007ffa44a40000 - 0x00007ffa44a8b000 	C:\WINDOWS\SYSTEM32\POWRPROF.dll
0x00007ffa44a20000 - 0x00007ffa44a32000 	C:\WINDOWS\SYSTEM32\UMPDC.dll
0x00007ffa3f000000 - 0x00007ffa3f02f000 	C:\WINDOWS\SYSTEM32\amdihk64.dll
0x00007ffa33fc0000 - 0x00007ffa33ffb000 	C:\WINDOWS\SYSTEM32\dxcore.dll
0x00007ffa44bd0000 - 0x00007ffa44c1e000 	C:\WINDOWS\System32\cfgmgr32.dll
0x00007ffa3fa40000 - 0x00007ffa3fa6d000 	C:\Users\Asus\.p2\pool\plugins\org.eclipse.justj.openjdk.hotspot.jre.full.win32.x86_64_15.0.2.v20210201-0955\jre\bin\javajpeg.dll
0x00007ffa24e20000 - 0x00007ffa24ea5000 	C:\Users\Asus\.p2\pool\plugins\org.eclipse.justj.openjdk.hotspot.jre.full.win32.x86_64_15.0.2.v20210201-0955\jre\bin\freetype.dll
0x00007ffa24d70000 - 0x00007ffa24e19000 	C:\Users\Asus\.p2\pool\plugins\org.eclipse.justj.openjdk.hotspot.jre.full.win32.x86_64_15.0.2.v20210201-0955\jre\bin\fontmanager.dll
0x00007ffa39000000 - 0x00007ffa390f9000 	C:\WINDOWS\SYSTEM32\textinputframework.dll
0x00007ffa41170000 - 0x00007ffa414ce000 	C:\WINDOWS\System32\CoreUIComponents.dll
0x00007ffa41540000 - 0x00007ffa41632000 	C:\WINDOWS\System32\CoreMessaging.dll
0x00007ffa445d0000 - 0x00007ffa44603000 	C:\WINDOWS\SYSTEM32\ntmarta.dll
0x00007ffa40930000 - 0x00007ffa40a84000 	C:\WINDOWS\SYSTEM32\wintypes.dll
0x00007ffa22a80000 - 0x00007ffa22a90000 	C:\Users\Asus\.p2\pool\plugins\org.eclipse.justj.openjdk.hotspot.jre.full.win32.x86_64_15.0.2.v20210201-0955\jre\bin\verify.dll
0x00007ffa46d00000 - 0x00007ffa46da9000 	C:\WINDOWS\System32\clbcatq.dll
0x00007ffa39a80000 - 0x00007ffa39c34000 	C:\WINDOWS\SYSTEM32\WindowsCodecs.dll
0x00007ffa45260000 - 0x00007ffa45287000 	C:\WINDOWS\System32\bcrypt.dll
0x00007ffa18510000 - 0x00007ffa1854e000 	C:\WINDOWS\system32\dataexchange.dll
0x00007ffa40260000 - 0x00007ffa404c4000 	C:\WINDOWS\system32\d3d11.dll
0x00007ffa40f80000 - 0x00007ffa41165000 	C:\WINDOWS\system32\dcomp.dll
0x00007ffa42ec0000 - 0x00007ffa42fb4000 	C:\WINDOWS\system32\dxgi.dll
0x00007ffa3a5b0000 - 0x00007ffa3a7b1000 	C:\WINDOWS\system32\twinapi.appcore.dll
0x00007ffa25ca0000 - 0x00007ffa25d4c000 	C:\WINDOWS\SYSTEM32\TextShaping.dll

dbghelp: loaded successfully - version: 4.0.5 - missing functions: none
symbol engine: initialized successfully - sym options: 0x614 - pdb path: .;C:\Users\Asus\.p2\pool\plugins\org.eclipse.justj.openjdk.hotspot.jre.full.win32.x86_64_15.0.2.v20210201-0955\jre\bin;C:\WINDOWS\SYSTEM32;C:\WINDOWS\WinSxS\amd64_microsoft.windows.common-controls_6595b64144ccf1df_6.0.19041.844_none_ca00b6081b84eb1d;C:\Users\Asus\.p2\pool\plugins\org.eclipse.justj.openjdk.hotspot.jre.full.win32.x86_64_15.0.2.v20210201-0955\jre\bin\server;C:\WINDOWS\System32\DriverStore\FileRepository\u0361708.inf_amd64_7de6b99937f60751\B358199

VM Arguments:
jvm_args: -Dfile.encoding=Cp1252 -XX:+ShowCodeDetailsInExceptionMessages 
java_command: view.FrameTree
java_class_path (initial): C:\Users\Asus\git\Project_BtreeFinal\bin;C:\Users\Asus\git\Project_BtreeFinal\src\libraries\jcalendar-1.4.jar
Launcher Type: SUN_STANDARD

[Global flags]
     intx CICompilerCount                          = 4                                         {product} {ergonomic}
     uint ConcGCThreads                            = 2                                         {product} {ergonomic}
     uint G1ConcRefinementThreads                  = 8                                         {product} {ergonomic}
   size_t G1HeapRegionSize                         = 1048576                                   {product} {ergonomic}
    uintx GCDrainStackTargetSize                   = 64                                        {product} {ergonomic}
   size_t InitialHeapSize                          = 132120576                                 {product} {ergonomic}
   size_t MarkStackSize                            = 4194304                                   {product} {ergonomic}
   size_t MaxHeapSize                              = 2099249152                                {product} {ergonomic}
   size_t MaxNewSize                               = 1259339776                                {product} {ergonomic}
   size_t MinHeapDeltaBytes                        = 1048576                                   {product} {ergonomic}
   size_t MinHeapSize                              = 8388608                                   {product} {ergonomic}
    uintx NonNMethodCodeHeapSize                   = 5839372                                {pd product} {ergonomic}
    uintx NonProfiledCodeHeapSize                  = 122909434                              {pd product} {ergonomic}
    uintx ProfiledCodeHeapSize                     = 122909434                              {pd product} {ergonomic}
    uintx ReservedCodeCacheSize                    = 251658240                              {pd product} {ergonomic}
     bool SegmentedCodeCache                       = true                                      {product} {ergonomic}
     bool ShowCodeDetailsInExceptionMessages       = true                                   {manageable} {command line}
   size_t SoftMaxHeapSize                          = 2099249152                             {manageable} {ergonomic}
     bool UseCompressedClassPointers               = true                                 {lp64_product} {ergonomic}
     bool UseCompressedOops                        = true                                 {lp64_product} {ergonomic}
     bool UseG1GC                                  = true                                      {product} {ergonomic}
     bool UseLargePagesIndividualAllocation        = false                                  {pd product} {ergonomic}

Logging:
Log output configuration:
 #0: stdout all=warning uptime,level,tags
 #1: stderr all=off uptime,level,tags

Environment Variables:
PATH=C:/Users/Asus/.p2/pool/plugins/org.eclipse.justj.openjdk.hotspot.jre.full.win32.x86_64_15.0.2.v20210201-0955/jre/bin/server;C:/Users/Asus/.p2/pool/plugins/org.eclipse.justj.openjdk.hotspot.jre.full.win32.x86_64_15.0.2.v20210201-0955/jre/bin;C:\ProgramData\Oracle\Java\javapath;C:\Windows\system32;C:\Windows;C:\Windows\System32\Wbem;C:\Windows\System32\WindowsPowerShell\v1.0\;C:\Windows\System32\OpenSSH\;C:\Program Files (x86)\NVIDIA Corporation\PhysX\Common;C:\Program Files\NVIDIA Corporation\NVIDIA NvDLISR;C:\WINDOWS\system32;C:\WINDOWS;C:\WINDOWS\System32\Wbem;C:\WINDOWS\System32\WindowsPowerShell\v1.0\;C:\WINDOWS\System32\OpenSSH\;C:\Users\Asus\AppData\Local\Microsoft\WindowsApps;;C:\Users\Asus\OneDrive\Escritorio;
USERNAME=Asus
OS=Windows_NT
PROCESSOR_IDENTIFIER=AMD64 Family 23 Model 24 Stepping 1, AuthenticAMD



---------------  S Y S T E M  ---------------

OS:
 Windows 10 , 64 bit Build 19041 (10.0.19041.928)
OS uptime: 1 days 0:01 hours

CPU: total 8 (initial active 8) (8 cores per cpu, 2 threads per core) family 23 model 24 stepping 1 microcode 0x0, cmov, cx8, fxsr, mmx, sse, sse2, sse3, ssse3, sse4.1, sse4.2, popcnt, vzeroupper, avx, avx2, aes, clmul, 3dnowpref, lzcnt, sse4a, ht, tsc, tscinvbit, tscinv, bmi1, bmi2, adx, sha, fma, clflush, clflushopt

Memory: 4k page, system-wide physical 8001M (973M free)
TotalPageFile size 32577M (AvailPageFile size 26M)
current process WorkingSet (physical memory assigned to process): 38M, peak: 130M
current process commit charge ("private bytes"): 272M, peak: 278M

vm_info: OpenJDK 64-Bit Server VM (15.0.2+7-27) for windows-amd64 JRE (15.0.2+7-27), built on Dec  7 2020 20:02:38 by "mach5one" with unknown MS VC++:1925

END.
