#
# There is insufficient memory for the Java Runtime Environment to continue.
# Native memory allocation (malloc) failed to allocate 38336 bytes for Chunk::new
# Possible reasons:
#   The system is out of physical RAM or swap space
#   The process is running with CompressedOops enabled, and the Java Heap may be blocking the growth of the native heap
# Possible solutions:
#   Reduce memory load on the system
#   Increase physical memory or swap space
#   Check if swap backing store is full
#   Decrease Java heap size (-Xmx/-Xms)
#   Decrease number of Java threads
#   Decrease Java thread stack sizes (-Xss)
#   Set larger code cache with -XX:ReservedCodeCacheSize=
#   JVM is running with Unscaled Compressed Oops mode in which the Java heap is
#     placed in the first 4GB address space. The Java Heap base address is the
#     maximum limit for the native heap growth. Please use -XX:HeapBaseMinAddress
#     to set the Java Heap base and to place the Java Heap above 4GB virtual address.
# This output file may be truncated or incomplete.
#
#  Out of Memory Error (./open/src/hotspot/share/memory/arena.cpp:195), pid=8716, tid=27940
#
# JRE version: OpenJDK Runtime Environment (15.0.2+7) (build 15.0.2+7-27)
# Java VM: OpenJDK 64-Bit Server VM (15.0.2+7-27, mixed mode, tiered, compressed oops, g1 gc, windows-amd64)
# No core dump will be written. Minidumps are not enabled by default on client versions of Windows
#

---------------  S U M M A R Y ------------

Command Line: -Dfile.encoding=Cp1252 -XX:+ShowCodeDetailsInExceptionMessages test.TestPrincipalFrame

Host: AMD Ryzen 5 3550H with Radeon Vega Mobile Gfx  , 8 cores, 7G,  Windows 10 , 64 bit Build 19041 (10.0.19041.928)
Time: Wed May 19 09:26:14 2021 Hora est. Pacífico, Sudamérica elapsed time: 0.120728 seconds (0d 0h 0m 0s)

---------------  T H R E A D  ---------------

Current thread (0x000001eba2fa45f0):  JavaThread "C2 CompilerThread0" daemon [_thread_in_native, id=27940, stack(0x000000423a000000,0x000000423a100000)]


Current CompileTask:
C2:    120   67       4       java.lang.String::hashCode (60 bytes)

Stack: [0x000000423a000000,0x000000423a100000]
Native frames: (J=compiled Java code, j=interpreted, Vv=VM code, C=native code)
V  [jvm.dll+0x62ae9a]
V  [jvm.dll+0x7817a9]
V  [jvm.dll+0x782f03]
V  [jvm.dll+0x783563]
V  [jvm.dll+0x216325]
V  [jvm.dll+0x97f3a]
V  [jvm.dll+0x9861c]
V  [jvm.dll+0x279f9f]
V  [jvm.dll+0x540794]
V  [jvm.dll+0x1f3124]
V  [jvm.dll+0x1ecaf1]
V  [jvm.dll+0x1e9867]
V  [jvm.dll+0x178567]
V  [jvm.dll+0x1f9225]
V  [jvm.dll+0x1f72cc]
V  [jvm.dll+0x74495d]
V  [jvm.dll+0x73d75a]
V  [jvm.dll+0x629c56]
C  [ucrtbase.dll+0x21bb2]
C  [KERNEL32.DLL+0x17034]
C  [ntdll.dll+0x52651]


---------------  P R O C E S S  ---------------

Threads class SMR info:
_java_thread_list=0x000001eba3129910, length=11, elements={
0x000001eb884e3430, 0x000001eba2735fb0, 0x000001eba2736a60, 0x000001eba2f6d3a0,
0x000001eba2fa0020, 0x000001eba2fa08e0, 0x000001eba2fa45f0, 0x000001eba2fafcb0,
0x000001eba2fc31c0, 0x000001eba314b6c0, 0x000001eba3166780
}

Java Threads: ( => current thread )
  0x000001eb884e3430 JavaThread "main" [_thread_in_vm, id=16160, stack(0x0000004239400000,0x0000004239500000)]
  0x000001eba2735fb0 JavaThread "Reference Handler" daemon [_thread_blocked, id=3920, stack(0x0000004239b00000,0x0000004239c00000)]
  0x000001eba2736a60 JavaThread "Finalizer" daemon [_thread_blocked, id=5024, stack(0x0000004239c00000,0x0000004239d00000)]
  0x000001eba2f6d3a0 JavaThread "Signal Dispatcher" daemon [_thread_blocked, id=9884, stack(0x0000004239d00000,0x0000004239e00000)]
  0x000001eba2fa0020 JavaThread "Attach Listener" daemon [_thread_blocked, id=10904, stack(0x0000004239e00000,0x0000004239f00000)]
  0x000001eba2fa08e0 JavaThread "Service Thread" daemon [_thread_blocked, id=9732, stack(0x0000004239f00000,0x000000423a000000)]
=>0x000001eba2fa45f0 JavaThread "C2 CompilerThread0" daemon [_thread_in_native, id=27940, stack(0x000000423a000000,0x000000423a100000)]
  0x000001eba2fafcb0 JavaThread "C1 CompilerThread0" daemon [_thread_blocked, id=26376, stack(0x000000423a100000,0x000000423a200000)]
  0x000001eba2fc31c0 JavaThread "Sweeper thread" daemon [_thread_blocked, id=21844, stack(0x000000423a200000,0x000000423a300000)]
  0x000001eba314b6c0 JavaThread "Notification Thread" daemon [_thread_blocked, id=8000, stack(0x000000423a300000,0x000000423a400000)]
  0x000001eba3166780 JavaThread "Common-Cleaner" daemon [_thread_blocked, id=17480, stack(0x000000423a500000,0x000000423a600000)]

Other Threads:
  0x000001eba2f43d40 VMThread "VM Thread" [stack: 0x0000004239a00000,0x0000004239b00000] [id=24608]
  0x000001eba314bb90 WatcherThread [stack: 0x000000423a400000,0x000000423a500000] [id=17688]
  0x000001eb8851d140 GCTaskThread "GC Thread#0" [stack: 0x0000004239500000,0x0000004239600000] [id=23124]
  0x000001eb8852e5f0 ConcurrentGCThread "G1 Main Marker" [stack: 0x0000004239600000,0x0000004239700000] [id=23028]
  0x000001eb88531200 ConcurrentGCThread "G1 Conc#0" [stack: 0x0000004239700000,0x0000004239800000] [id=23804]
  0x000001eb885be020 ConcurrentGCThread "G1 Refine#0" [stack: 0x0000004239800000,0x0000004239900000] [id=17916]
  0x000001eb885bec20 ConcurrentGCThread "G1 Young RemSet Sampling" [stack: 0x0000004239900000,0x0000004239a00000] [id=26628]

Threads with active compile tasks:
C2 CompilerThread0      134   67       4       java.lang.String::hashCode (60 bytes)

VM state: at safepoint (normal execution)

VM Mutex/Monitor currently owned by a thread:  ([mutex/lock_event])
[0x000001eb884dee10] Threads_lock - owner thread: 0x000001eba2f43d40
[0x000001eb884de120] Heap_lock - owner thread: 0x000001eb884e3430

Heap address: 0x0000000082e00000, size: 2002 MB, Compressed Oops mode: 32-bit
CDS disabled.
Compressed class space mapped at: 0x0000000100000000-0x0000000140000000, size: 1073741824
Narrow klass base: 0x0000000000000000, Narrow klass shift: 3, Narrow klass range: 0x140000000

GC Precious Log:
 CPUs: 8 total, 8 available
 Memory: 8001M
 Large Page Support: Disabled
 NUMA Support: Disabled
 Compressed Oops: Enabled (32-bit)
 Heap Region Size: 1M
 Heap Min Capacity: 8M
 Heap Initial Capacity: 126M
 Heap Max Capacity: 2002M
 Pre-touch: Disabled
 Parallel Workers: 8
 Concurrent Workers: 2
 Concurrent Refinement Workers: 8
 Periodic GC: Disabled

Heap:
 garbage-first heap   total 129024K, used 1497K [0x0000000082e00000, 0x0000000100000000)
  region size 1024K, 2 young (2048K), 0 survivors (0K)
 Metaspace       used 5199K, capacity 5309K, committed 5376K, reserved 1062912K
  class space    used 445K, capacity 491K, committed 512K, reserved 1048576K

Heap Regions: E=young(eden), S=young(survivor), O=old, HS=humongous(starts), HC=humongous(continues), CS=collection set, F=free, OA=open archive, CA=closed archive, TAMS=top-at-mark-start (previous, next)
|   0|0x0000000082e00000, 0x0000000082e00000, 0x0000000082f00000|  0%| F|  |TAMS 0x0000000082e00000, 0x0000000082e00000| Untracked 
|   1|0x0000000082f00000, 0x0000000082f00000, 0x0000000083000000|  0%| F|  |TAMS 0x0000000082f00000, 0x0000000082f00000| Untracked 
|   2|0x0000000083000000, 0x0000000083000000, 0x0000000083100000|  0%| F|  |TAMS 0x0000000083000000, 0x0000000083000000| Untracked 
|   3|0x0000000083100000, 0x0000000083100000, 0x0000000083200000|  0%| F|  |TAMS 0x0000000083100000, 0x0000000083100000| Untracked 
|   4|0x0000000083200000, 0x0000000083200000, 0x0000000083300000|  0%| F|  |TAMS 0x0000000083200000, 0x0000000083200000| Untracked 
|   5|0x0000000083300000, 0x0000000083300000, 0x0000000083400000|  0%| F|  |TAMS 0x0000000083300000, 0x0000000083300000| Untracked 
|   6|0x0000000083400000, 0x0000000083400000, 0x0000000083500000|  0%| F|  |TAMS 0x0000000083400000, 0x0000000083400000| Untracked 
|   7|0x0000000083500000, 0x0000000083500000, 0x0000000083600000|  0%| F|  |TAMS 0x0000000083500000, 0x0000000083500000| Untracked 
|   8|0x0000000083600000, 0x0000000083600000, 0x0000000083700000|  0%| F|  |TAMS 0x0000000083600000, 0x0000000083600000| Untracked 
|   9|0x0000000083700000, 0x0000000083700000, 0x0000000083800000|  0%| F|  |TAMS 0x0000000083700000, 0x0000000083700000| Untracked 
|  10|0x0000000083800000, 0x0000000083800000, 0x0000000083900000|  0%| F|  |TAMS 0x0000000083800000, 0x0000000083800000| Untracked 
|  11|0x0000000083900000, 0x0000000083900000, 0x0000000083a00000|  0%| F|  |TAMS 0x0000000083900000, 0x0000000083900000| Untracked 
|  12|0x0000000083a00000, 0x0000000083a00000, 0x0000000083b00000|  0%| F|  |TAMS 0x0000000083a00000, 0x0000000083a00000| Untracked 
|  13|0x0000000083b00000, 0x0000000083b00000, 0x0000000083c00000|  0%| F|  |TAMS 0x0000000083b00000, 0x0000000083b00000| Untracked 
|  14|0x0000000083c00000, 0x0000000083c00000, 0x0000000083d00000|  0%| F|  |TAMS 0x0000000083c00000, 0x0000000083c00000| Untracked 
|  15|0x0000000083d00000, 0x0000000083d00000, 0x0000000083e00000|  0%| F|  |TAMS 0x0000000083d00000, 0x0000000083d00000| Untracked 
|  16|0x0000000083e00000, 0x0000000083e00000, 0x0000000083f00000|  0%| F|  |TAMS 0x0000000083e00000, 0x0000000083e00000| Untracked 
|  17|0x0000000083f00000, 0x0000000083f00000, 0x0000000084000000|  0%| F|  |TAMS 0x0000000083f00000, 0x0000000083f00000| Untracked 
|  18|0x0000000084000000, 0x0000000084000000, 0x0000000084100000|  0%| F|  |TAMS 0x0000000084000000, 0x0000000084000000| Untracked 
|  19|0x0000000084100000, 0x0000000084100000, 0x0000000084200000|  0%| F|  |TAMS 0x0000000084100000, 0x0000000084100000| Untracked 
|  20|0x0000000084200000, 0x0000000084200000, 0x0000000084300000|  0%| F|  |TAMS 0x0000000084200000, 0x0000000084200000| Untracked 
|  21|0x0000000084300000, 0x0000000084300000, 0x0000000084400000|  0%| F|  |TAMS 0x0000000084300000, 0x0000000084300000| Untracked 
|  22|0x0000000084400000, 0x0000000084400000, 0x0000000084500000|  0%| F|  |TAMS 0x0000000084400000, 0x0000000084400000| Untracked 
|  23|0x0000000084500000, 0x0000000084500000, 0x0000000084600000|  0%| F|  |TAMS 0x0000000084500000, 0x0000000084500000| Untracked 
|  24|0x0000000084600000, 0x0000000084600000, 0x0000000084700000|  0%| F|  |TAMS 0x0000000084600000, 0x0000000084600000| Untracked 
|  25|0x0000000084700000, 0x0000000084700000, 0x0000000084800000|  0%| F|  |TAMS 0x0000000084700000, 0x0000000084700000| Untracked 
|  26|0x0000000084800000, 0x0000000084800000, 0x0000000084900000|  0%| F|  |TAMS 0x0000000084800000, 0x0000000084800000| Untracked 
|  27|0x0000000084900000, 0x0000000084900000, 0x0000000084a00000|  0%| F|  |TAMS 0x0000000084900000, 0x0000000084900000| Untracked 
|  28|0x0000000084a00000, 0x0000000084a00000, 0x0000000084b00000|  0%| F|  |TAMS 0x0000000084a00000, 0x0000000084a00000| Untracked 
|  29|0x0000000084b00000, 0x0000000084b00000, 0x0000000084c00000|  0%| F|  |TAMS 0x0000000084b00000, 0x0000000084b00000| Untracked 
|  30|0x0000000084c00000, 0x0000000084c00000, 0x0000000084d00000|  0%| F|  |TAMS 0x0000000084c00000, 0x0000000084c00000| Untracked 
|  31|0x0000000084d00000, 0x0000000084d00000, 0x0000000084e00000|  0%| F|  |TAMS 0x0000000084d00000, 0x0000000084d00000| Untracked 
|  32|0x0000000084e00000, 0x0000000084e00000, 0x0000000084f00000|  0%| F|  |TAMS 0x0000000084e00000, 0x0000000084e00000| Untracked 
|  33|0x0000000084f00000, 0x0000000084f00000, 0x0000000085000000|  0%| F|  |TAMS 0x0000000084f00000, 0x0000000084f00000| Untracked 
|  34|0x0000000085000000, 0x0000000085000000, 0x0000000085100000|  0%| F|  |TAMS 0x0000000085000000, 0x0000000085000000| Untracked 
|  35|0x0000000085100000, 0x0000000085100000, 0x0000000085200000|  0%| F|  |TAMS 0x0000000085100000, 0x0000000085100000| Untracked 
|  36|0x0000000085200000, 0x0000000085200000, 0x0000000085300000|  0%| F|  |TAMS 0x0000000085200000, 0x0000000085200000| Untracked 
|  37|0x0000000085300000, 0x0000000085300000, 0x0000000085400000|  0%| F|  |TAMS 0x0000000085300000, 0x0000000085300000| Untracked 
|  38|0x0000000085400000, 0x0000000085400000, 0x0000000085500000|  0%| F|  |TAMS 0x0000000085400000, 0x0000000085400000| Untracked 
|  39|0x0000000085500000, 0x0000000085500000, 0x0000000085600000|  0%| F|  |TAMS 0x0000000085500000, 0x0000000085500000| Untracked 
|  40|0x0000000085600000, 0x0000000085600000, 0x0000000085700000|  0%| F|  |TAMS 0x0000000085600000, 0x0000000085600000| Untracked 
|  41|0x0000000085700000, 0x0000000085700000, 0x0000000085800000|  0%| F|  |TAMS 0x0000000085700000, 0x0000000085700000| Untracked 
|  42|0x0000000085800000, 0x0000000085800000, 0x0000000085900000|  0%| F|  |TAMS 0x0000000085800000, 0x0000000085800000| Untracked 
|  43|0x0000000085900000, 0x0000000085900000, 0x0000000085a00000|  0%| F|  |TAMS 0x0000000085900000, 0x0000000085900000| Untracked 
|  44|0x0000000085a00000, 0x0000000085a00000, 0x0000000085b00000|  0%| F|  |TAMS 0x0000000085a00000, 0x0000000085a00000| Untracked 
|  45|0x0000000085b00000, 0x0000000085b00000, 0x0000000085c00000|  0%| F|  |TAMS 0x0000000085b00000, 0x0000000085b00000| Untracked 
|  46|0x0000000085c00000, 0x0000000085c00000, 0x0000000085d00000|  0%| F|  |TAMS 0x0000000085c00000, 0x0000000085c00000| Untracked 
|  47|0x0000000085d00000, 0x0000000085d00000, 0x0000000085e00000|  0%| F|  |TAMS 0x0000000085d00000, 0x0000000085d00000| Untracked 
|  48|0x0000000085e00000, 0x0000000085e00000, 0x0000000085f00000|  0%| F|  |TAMS 0x0000000085e00000, 0x0000000085e00000| Untracked 
|  49|0x0000000085f00000, 0x0000000085f00000, 0x0000000086000000|  0%| F|  |TAMS 0x0000000085f00000, 0x0000000085f00000| Untracked 
|  50|0x0000000086000000, 0x0000000086000000, 0x0000000086100000|  0%| F|  |TAMS 0x0000000086000000, 0x0000000086000000| Untracked 
|  51|0x0000000086100000, 0x0000000086100000, 0x0000000086200000|  0%| F|  |TAMS 0x0000000086100000, 0x0000000086100000| Untracked 
|  52|0x0000000086200000, 0x0000000086200000, 0x0000000086300000|  0%| F|  |TAMS 0x0000000086200000, 0x0000000086200000| Untracked 
|  53|0x0000000086300000, 0x0000000086300000, 0x0000000086400000|  0%| F|  |TAMS 0x0000000086300000, 0x0000000086300000| Untracked 
|  54|0x0000000086400000, 0x0000000086400000, 0x0000000086500000|  0%| F|  |TAMS 0x0000000086400000, 0x0000000086400000| Untracked 
|  55|0x0000000086500000, 0x0000000086500000, 0x0000000086600000|  0%| F|  |TAMS 0x0000000086500000, 0x0000000086500000| Untracked 
|  56|0x0000000086600000, 0x0000000086600000, 0x0000000086700000|  0%| F|  |TAMS 0x0000000086600000, 0x0000000086600000| Untracked 
|  57|0x0000000086700000, 0x0000000086700000, 0x0000000086800000|  0%| F|  |TAMS 0x0000000086700000, 0x0000000086700000| Untracked 
|  58|0x0000000086800000, 0x0000000086800000, 0x0000000086900000|  0%| F|  |TAMS 0x0000000086800000, 0x0000000086800000| Untracked 
|  59|0x0000000086900000, 0x0000000086900000, 0x0000000086a00000|  0%| F|  |TAMS 0x0000000086900000, 0x0000000086900000| Untracked 
|  60|0x0000000086a00000, 0x0000000086a00000, 0x0000000086b00000|  0%| F|  |TAMS 0x0000000086a00000, 0x0000000086a00000| Untracked 
|  61|0x0000000086b00000, 0x0000000086b00000, 0x0000000086c00000|  0%| F|  |TAMS 0x0000000086b00000, 0x0000000086b00000| Untracked 
|  62|0x0000000086c00000, 0x0000000086c00000, 0x0000000086d00000|  0%| F|  |TAMS 0x0000000086c00000, 0x0000000086c00000| Untracked 
|  63|0x0000000086d00000, 0x0000000086d00000, 0x0000000086e00000|  0%| F|  |TAMS 0x0000000086d00000, 0x0000000086d00000| Untracked 
|  64|0x0000000086e00000, 0x0000000086e00000, 0x0000000086f00000|  0%| F|  |TAMS 0x0000000086e00000, 0x0000000086e00000| Untracked 
|  65|0x0000000086f00000, 0x0000000086f00000, 0x0000000087000000|  0%| F|  |TAMS 0x0000000086f00000, 0x0000000086f00000| Untracked 
|  66|0x0000000087000000, 0x0000000087000000, 0x0000000087100000|  0%| F|  |TAMS 0x0000000087000000, 0x0000000087000000| Untracked 
|  67|0x0000000087100000, 0x0000000087100000, 0x0000000087200000|  0%| F|  |TAMS 0x0000000087100000, 0x0000000087100000| Untracked 
|  68|0x0000000087200000, 0x0000000087200000, 0x0000000087300000|  0%| F|  |TAMS 0x0000000087200000, 0x0000000087200000| Untracked 
|  69|0x0000000087300000, 0x0000000087300000, 0x0000000087400000|  0%| F|  |TAMS 0x0000000087300000, 0x0000000087300000| Untracked 
|  70|0x0000000087400000, 0x0000000087400000, 0x0000000087500000|  0%| F|  |TAMS 0x0000000087400000, 0x0000000087400000| Untracked 
|  71|0x0000000087500000, 0x0000000087500000, 0x0000000087600000|  0%| F|  |TAMS 0x0000000087500000, 0x0000000087500000| Untracked 
|  72|0x0000000087600000, 0x0000000087600000, 0x0000000087700000|  0%| F|  |TAMS 0x0000000087600000, 0x0000000087600000| Untracked 
|  73|0x0000000087700000, 0x0000000087700000, 0x0000000087800000|  0%| F|  |TAMS 0x0000000087700000, 0x0000000087700000| Untracked 
|  74|0x0000000087800000, 0x0000000087800000, 0x0000000087900000|  0%| F|  |TAMS 0x0000000087800000, 0x0000000087800000| Untracked 
|  75|0x0000000087900000, 0x0000000087900000, 0x0000000087a00000|  0%| F|  |TAMS 0x0000000087900000, 0x0000000087900000| Untracked 
|  76|0x0000000087a00000, 0x0000000087a00000, 0x0000000087b00000|  0%| F|  |TAMS 0x0000000087a00000, 0x0000000087a00000| Untracked 
|  77|0x0000000087b00000, 0x0000000087b00000, 0x0000000087c00000|  0%| F|  |TAMS 0x0000000087b00000, 0x0000000087b00000| Untracked 
|  78|0x0000000087c00000, 0x0000000087c00000, 0x0000000087d00000|  0%| F|  |TAMS 0x0000000087c00000, 0x0000000087c00000| Untracked 
|  79|0x0000000087d00000, 0x0000000087d00000, 0x0000000087e00000|  0%| F|  |TAMS 0x0000000087d00000, 0x0000000087d00000| Untracked 
|  80|0x0000000087e00000, 0x0000000087e00000, 0x0000000087f00000|  0%| F|  |TAMS 0x0000000087e00000, 0x0000000087e00000| Untracked 
|  81|0x0000000087f00000, 0x0000000087f00000, 0x0000000088000000|  0%| F|  |TAMS 0x0000000087f00000, 0x0000000087f00000| Untracked 
|  82|0x0000000088000000, 0x0000000088000000, 0x0000000088100000|  0%| F|  |TAMS 0x0000000088000000, 0x0000000088000000| Untracked 
|  83|0x0000000088100000, 0x0000000088100000, 0x0000000088200000|  0%| F|  |TAMS 0x0000000088100000, 0x0000000088100000| Untracked 
|  84|0x0000000088200000, 0x0000000088200000, 0x0000000088300000|  0%| F|  |TAMS 0x0000000088200000, 0x0000000088200000| Untracked 
|  85|0x0000000088300000, 0x0000000088300000, 0x0000000088400000|  0%| F|  |TAMS 0x0000000088300000, 0x0000000088300000| Untracked 
|  86|0x0000000088400000, 0x0000000088400000, 0x0000000088500000|  0%| F|  |TAMS 0x0000000088400000, 0x0000000088400000| Untracked 
|  87|0x0000000088500000, 0x0000000088500000, 0x0000000088600000|  0%| F|  |TAMS 0x0000000088500000, 0x0000000088500000| Untracked 
|  88|0x0000000088600000, 0x0000000088600000, 0x0000000088700000|  0%| F|  |TAMS 0x0000000088600000, 0x0000000088600000| Untracked 
|  89|0x0000000088700000, 0x0000000088700000, 0x0000000088800000|  0%| F|  |TAMS 0x0000000088700000, 0x0000000088700000| Untracked 
|  90|0x0000000088800000, 0x0000000088800000, 0x0000000088900000|  0%| F|  |TAMS 0x0000000088800000, 0x0000000088800000| Untracked 
|  91|0x0000000088900000, 0x0000000088900000, 0x0000000088a00000|  0%| F|  |TAMS 0x0000000088900000, 0x0000000088900000| Untracked 
|  92|0x0000000088a00000, 0x0000000088a00000, 0x0000000088b00000|  0%| F|  |TAMS 0x0000000088a00000, 0x0000000088a00000| Untracked 
|  93|0x0000000088b00000, 0x0000000088b00000, 0x0000000088c00000|  0%| F|  |TAMS 0x0000000088b00000, 0x0000000088b00000| Untracked 
|  94|0x0000000088c00000, 0x0000000088c00000, 0x0000000088d00000|  0%| F|  |TAMS 0x0000000088c00000, 0x0000000088c00000| Untracked 
|  95|0x0000000088d00000, 0x0000000088d00000, 0x0000000088e00000|  0%| F|  |TAMS 0x0000000088d00000, 0x0000000088d00000| Untracked 
|  96|0x0000000088e00000, 0x0000000088e00000, 0x0000000088f00000|  0%| F|  |TAMS 0x0000000088e00000, 0x0000000088e00000| Untracked 
|  97|0x0000000088f00000, 0x0000000088f00000, 0x0000000089000000|  0%| F|  |TAMS 0x0000000088f00000, 0x0000000088f00000| Untracked 
|  98|0x0000000089000000, 0x0000000089000000, 0x0000000089100000|  0%| F|  |TAMS 0x0000000089000000, 0x0000000089000000| Untracked 
|  99|0x0000000089100000, 0x0000000089100000, 0x0000000089200000|  0%| F|  |TAMS 0x0000000089100000, 0x0000000089100000| Untracked 
| 100|0x0000000089200000, 0x0000000089200000, 0x0000000089300000|  0%| F|  |TAMS 0x0000000089200000, 0x0000000089200000| Untracked 
| 101|0x0000000089300000, 0x0000000089300000, 0x0000000089400000|  0%| F|  |TAMS 0x0000000089300000, 0x0000000089300000| Untracked 
| 102|0x0000000089400000, 0x0000000089400000, 0x0000000089500000|  0%| F|  |TAMS 0x0000000089400000, 0x0000000089400000| Untracked 
| 103|0x0000000089500000, 0x0000000089500000, 0x0000000089600000|  0%| F|  |TAMS 0x0000000089500000, 0x0000000089500000| Untracked 
| 104|0x0000000089600000, 0x0000000089600000, 0x0000000089700000|  0%| F|  |TAMS 0x0000000089600000, 0x0000000089600000| Untracked 
| 105|0x0000000089700000, 0x0000000089700000, 0x0000000089800000|  0%| F|  |TAMS 0x0000000089700000, 0x0000000089700000| Untracked 
| 106|0x0000000089800000, 0x0000000089800000, 0x0000000089900000|  0%| F|  |TAMS 0x0000000089800000, 0x0000000089800000| Untracked 
| 107|0x0000000089900000, 0x0000000089900000, 0x0000000089a00000|  0%| F|  |TAMS 0x0000000089900000, 0x0000000089900000| Untracked 
| 108|0x0000000089a00000, 0x0000000089a00000, 0x0000000089b00000|  0%| F|  |TAMS 0x0000000089a00000, 0x0000000089a00000| Untracked 
| 109|0x0000000089b00000, 0x0000000089b00000, 0x0000000089c00000|  0%| F|  |TAMS 0x0000000089b00000, 0x0000000089b00000| Untracked 
| 110|0x0000000089c00000, 0x0000000089c00000, 0x0000000089d00000|  0%| F|  |TAMS 0x0000000089c00000, 0x0000000089c00000| Untracked 
| 111|0x0000000089d00000, 0x0000000089d00000, 0x0000000089e00000|  0%| F|  |TAMS 0x0000000089d00000, 0x0000000089d00000| Untracked 
| 112|0x0000000089e00000, 0x0000000089e00000, 0x0000000089f00000|  0%| F|  |TAMS 0x0000000089e00000, 0x0000000089e00000| Untracked 
| 113|0x0000000089f00000, 0x0000000089f00000, 0x000000008a000000|  0%| F|  |TAMS 0x0000000089f00000, 0x0000000089f00000| Untracked 
| 114|0x000000008a000000, 0x000000008a000000, 0x000000008a100000|  0%| F|  |TAMS 0x000000008a000000, 0x000000008a000000| Untracked 
| 115|0x000000008a100000, 0x000000008a100000, 0x000000008a200000|  0%| F|  |TAMS 0x000000008a100000, 0x000000008a100000| Untracked 
| 116|0x000000008a200000, 0x000000008a200000, 0x000000008a300000|  0%| F|  |TAMS 0x000000008a200000, 0x000000008a200000| Untracked 
| 117|0x000000008a300000, 0x000000008a300000, 0x000000008a400000|  0%| F|  |TAMS 0x000000008a300000, 0x000000008a300000| Untracked 
| 118|0x000000008a400000, 0x000000008a400000, 0x000000008a500000|  0%| F|  |TAMS 0x000000008a400000, 0x000000008a400000| Untracked 
| 119|0x000000008a500000, 0x000000008a500000, 0x000000008a600000|  0%| F|  |TAMS 0x000000008a500000, 0x000000008a500000| Untracked 
| 120|0x000000008a600000, 0x000000008a600000, 0x000000008a700000|  0%| F|  |TAMS 0x000000008a600000, 0x000000008a600000| Untracked 
| 121|0x000000008a700000, 0x000000008a700000, 0x000000008a800000|  0%| F|  |TAMS 0x000000008a700000, 0x000000008a700000| Untracked 
| 122|0x000000008a800000, 0x000000008a800000, 0x000000008a900000|  0%| F|  |TAMS 0x000000008a800000, 0x000000008a800000| Untracked 
| 123|0x000000008a900000, 0x000000008a996608, 0x000000008aa00000| 58%| S|  |TAMS 0x000000008a900000, 0x000000008a900000| Complete 
| 124|0x000000008aa00000, 0x000000008aa76440, 0x000000008ab00000| 46%| E|CS|TAMS 0x000000008aa00000, 0x000000008aa76440| Complete 
| 125|0x000000008ab00000, 0x000000008ac00000, 0x000000008ac00000|100%| E|CS|TAMS 0x000000008ab00000, 0x000000008ac00000| Complete 

Card table byte_map: [0x000001eb9b620000,0x000001eb9ba10000] _byte_map_base: 0x000001eb9b209000

Marking Bits (Prev, Next): (CMBitMap*) 0x000001eb8851d9b0, (CMBitMap*) 0x000001eb8851d9f0
 Prev Bits: [0x000001eb9be00000, 0x000001eb9dd48000)
 Next Bits: [0x000001eb9dd50000, 0x000001eb9fc98000)

Polling page: 0x000001eb86420000

Metaspace:

Usage:
  Non-class:      4.71 MB capacity,     4.64 MB ( 99%) used,    63.12 KB (  1%) free+waste,     1.12 KB ( <1%) overhead. 
      Class:    491.00 KB capacity,   445.77 KB ( 91%) used,    44.61 KB (  9%) free+waste,   640 bytes ( <1%) overhead. 
       Both:      5.18 MB capacity,     5.08 MB ( 98%) used,   107.73 KB (  2%) free+waste,     1.75 KB ( <1%) overhead. 

Virtual space:
  Non-class space:       14.00 MB reserved,       4.75 MB ( 34%) committed 
      Class space:        1.00 GB reserved,     512.00 KB ( <1%) committed 
             Both:        1.01 GB reserved,       5.25 MB ( <1%) committed 

Chunk freelists:
   Non-Class:  46.00 KB
       Class:  21.00 KB
        Both:  67.00 KB

MaxMetaspaceSize: 17179869184.00 GB
CompressedClassSpaceSize: 1.00 GB

CodeHeap 'non-profiled nmethods': size=120000Kb used=17Kb max_used=17Kb free=119982Kb
 bounds [0x000001eb939d0000, 0x000001eb93c40000, 0x000001eb9af00000]
CodeHeap 'profiled nmethods': size=120000Kb used=101Kb max_used=101Kb free=119898Kb
 bounds [0x000001eb8c4a0000, 0x000001eb8c710000, 0x000001eb939d0000]
CodeHeap 'non-nmethods': size=5760Kb used=1084Kb max_used=1084Kb free=4675Kb
 bounds [0x000001eb8bf00000, 0x000001eb8c170000, 0x000001eb8c4a0000]
 total_blobs=397 nmethods=80 adapters=230
 compilation: enabled
              stopped_count=0, restarted_count=0
 full_count=0

Compilation events (20 events):
Event: 0.089 Thread 0x000001eba2fafcb0   59       1       java.lang.module.ResolvedModule::configuration (5 bytes)
Event: 0.089 Thread 0x000001eba2fafcb0 nmethod 59 0x000001eb939d2890 code [0x000001eb939d2a20, 0x000001eb939d2ad8]
Event: 0.089 Thread 0x000001eba2fafcb0   58       1       java.lang.module.ModuleDescriptor$Exports::targets (5 bytes)
Event: 0.089 Thread 0x000001eba2fafcb0 nmethod 58 0x000001eb939d2b90 code [0x000001eb939d2d20, 0x000001eb939d2dd8]
Event: 0.090 Thread 0x000001eba2fafcb0   61       3       java.util.ImmutableCollections$Set12::iterator (9 bytes)
Event: 0.090 Thread 0x000001eba2fafcb0 nmethod 61 0x000001eb8c4b3a10 code [0x000001eb8c4b3bc0, 0x000001eb8c4b3e98]
Event: 0.090 Thread 0x000001eba2fafcb0   62       3       java.util.ImmutableCollections$Set12$1::<init> (32 bytes)
Event: 0.090 Thread 0x000001eba2fafcb0 nmethod 62 0x000001eb8c4b3f90 code [0x000001eb8c4b4140, 0x000001eb8c4b4378]
Event: 0.090 Thread 0x000001eba2fafcb0   63       1       java.util.ImmutableCollections$Set12::isEmpty (2 bytes)
Event: 0.090 Thread 0x000001eba2fafcb0 nmethod 63 0x000001eb939d2e90 code [0x000001eb939d3020, 0x000001eb939d30d8]
Event: 0.090 Thread 0x000001eba2fafcb0   64       3       java.util.Map::entry (10 bytes)
Event: 0.091 Thread 0x000001eba2fafcb0 nmethod 64 0x000001eb8c4b4490 code [0x000001eb8c4b4680, 0x000001eb8c4b4bf8]
Event: 0.091 Thread 0x000001eba2fafcb0   65       1       java.lang.module.ModuleDescriptor::isOpen (5 bytes)
Event: 0.091 Thread 0x000001eba2fafcb0 nmethod 65 0x000001eb939d3190 code [0x000001eb939d3320, 0x000001eb939d33d8]
Event: 0.091 Thread 0x000001eba2fafcb0   66       3       java.util.HashMap::resize (356 bytes)
Event: 0.092 Thread 0x000001eba2fa45f0   67       4       java.lang.String::hashCode (60 bytes)
Event: 0.092 Thread 0x000001eba2fafcb0 nmethod 66 0x000001eb8c4b4e10 code [0x000001eb8c4b50c0, 0x000001eb8c4b64e8]
Event: 0.092 Thread 0x000001eba2fafcb0   68       3       java.util.HashMap::putIfAbsent (13 bytes)
Event: 0.092 Thread 0x000001eba2fafcb0 nmethod 68 0x000001eb8c4b6990 code [0x000001eb8c4b6b40, 0x000001eb8c4b6e38]
Event: 0.092 Thread 0x000001eba2fafcb0   72       3       java.util.ImmutableCollections$MapN::get (35 bytes)

GC Heap History (0 events):
No events

Deoptimization events (0 events):
No events

Classes unloaded (0 events):
No events

Classes redefined (0 events):
No events

Internal exceptions (0 events):
No events

Events (20 events):
Event: 0.090 loading class java/util/HashMap$KeySet done
Event: 0.090 loading class java/util/HashMap$KeyIterator
Event: 0.090 loading class java/util/HashMap$KeyIterator done
Event: 0.090 loading class java/lang/ModuleLayer$Controller
Event: 0.090 loading class java/lang/ModuleLayer$Controller done
Event: 0.091 loading class jdk/internal/module/IllegalAccessLogger$Mode
Event: 0.091 loading class jdk/internal/module/IllegalAccessLogger$Mode done
Event: 0.091 loading class jdk/internal/module/IllegalAccessLogger$Builder
Event: 0.091 loading class jdk/internal/module/IllegalAccessLogger$Builder done
Event: 0.091 loading class java/util/HashMap$Values
Event: 0.091 loading class java/util/HashMap$Values done
Event: 0.091 loading class java/util/HashMap$ValueIterator
Event: 0.091 loading class java/util/HashMap$ValueIterator done
Event: 0.091 loading class java/util/Collections$UnmodifiableSet
Event: 0.091 loading class java/util/Collections$UnmodifiableCollection
Event: 0.091 loading class java/util/Collections$UnmodifiableCollection done
Event: 0.091 loading class java/util/Collections$UnmodifiableSet done
Event: 0.092 loading class jdk/internal/module/IllegalAccessLogger
Event: 0.092 loading class jdk/internal/module/IllegalAccessLogger done
Event: 0.093 loading class java/lang/invoke/StringConcatFactory


Dynamic libraries:
0x00007ff6bd760000 - 0x00007ff6bd76d000 	C:\Users\Asus\.p2\pool\plugins\org.eclipse.justj.openjdk.hotspot.jre.full.win32.x86_64_15.0.2.v20210201-0955\jre\bin\javaw.exe
0x00007ffa47490000 - 0x00007ffa47685000 	C:\WINDOWS\SYSTEM32\ntdll.dll
0x00007ffa45be0000 - 0x00007ffa45c9d000 	C:\WINDOWS\System32\KERNEL32.DLL
0x00007ffa44f30000 - 0x00007ffa451f8000 	C:\WINDOWS\System32\KERNELBASE.dll
0x00007ffa45290000 - 0x00007ffa45390000 	C:\WINDOWS\System32\ucrtbase.dll
0x00007ffa42dc0000 - 0x00007ffa42dd8000 	C:\Users\Asus\.p2\pool\plugins\org.eclipse.justj.openjdk.hotspot.jre.full.win32.x86_64_15.0.2.v20210201-0955\jre\bin\jli.dll
0x00007ffa42da0000 - 0x00007ffa42db9000 	C:\Users\Asus\.p2\pool\plugins\org.eclipse.justj.openjdk.hotspot.jre.full.win32.x86_64_15.0.2.v20210201-0955\jre\bin\VCRUNTIME140.dll
0x00007ffa45e80000 - 0x00007ffa46020000 	C:\WINDOWS\System32\USER32.dll
0x00007ffa43f60000 - 0x00007ffa441fa000 	C:\WINDOWS\WinSxS\amd64_microsoft.windows.common-controls_6595b64144ccf1df_6.0.19041.844_none_ca00b6081b84eb1d\COMCTL32.dll
0x00007ffa44d50000 - 0x00007ffa44d72000 	C:\WINDOWS\System32\win32u.dll
0x00007ffa46aa0000 - 0x00007ffa46b3e000 	C:\WINDOWS\System32\msvcrt.dll
0x00007ffa46960000 - 0x00007ffa4698a000 	C:\WINDOWS\System32\GDI32.dll
0x00007ffa44e20000 - 0x00007ffa44f2b000 	C:\WINDOWS\System32\gdi32full.dll
0x00007ffa44d80000 - 0x00007ffa44e1d000 	C:\WINDOWS\System32\msvcp_win.dll
0x00007ffa46c70000 - 0x00007ffa46ca0000 	C:\WINDOWS\System32\IMM32.DLL
0x00007ffa42e40000 - 0x00007ffa42e4c000 	C:\Users\Asus\.p2\pool\plugins\org.eclipse.justj.openjdk.hotspot.jre.full.win32.x86_64_15.0.2.v20210201-0955\jre\bin\vcruntime140_1.dll
0x00007ffa315e0000 - 0x00007ffa31671000 	C:\Users\Asus\.p2\pool\plugins\org.eclipse.justj.openjdk.hotspot.jre.full.win32.x86_64_15.0.2.v20210201-0955\jre\bin\msvcp140.dll
0x00007ffa0ff40000 - 0x00007ffa10a9e000 	C:\Users\Asus\.p2\pool\plugins\org.eclipse.justj.openjdk.hotspot.jre.full.win32.x86_64_15.0.2.v20210201-0955\jre\bin\server\jvm.dll
0x00007ffa45590000 - 0x00007ffa4563c000 	C:\WINDOWS\System32\ADVAPI32.dll
0x00007ffa454f0000 - 0x00007ffa4558b000 	C:\WINDOWS\System32\sechost.dll
0x00007ffa46020000 - 0x00007ffa4614b000 	C:\WINDOWS\System32\RPCRT4.dll
0x00007ffa45e60000 - 0x00007ffa45e68000 	C:\WINDOWS\System32\PSAPI.DLL
0x00007ffa2ea70000 - 0x00007ffa2ea79000 	C:\WINDOWS\SYSTEM32\WSOCK32.dll
0x00007ffa338a0000 - 0x00007ffa338c7000 	C:\WINDOWS\SYSTEM32\WINMM.dll
0x00007ffa3cd90000 - 0x00007ffa3cd9a000 	C:\WINDOWS\SYSTEM32\VERSION.dll
0x00007ffa46db0000 - 0x00007ffa46e1b000 	C:\WINDOWS\System32\WS2_32.dll
0x00007ffa41c40000 - 0x00007ffa41c52000 	C:\WINDOWS\SYSTEM32\kernel.appcore.dll
0x00007ffa246e0000 - 0x00007ffa246ea000 	C:\Users\Asus\.p2\pool\plugins\org.eclipse.justj.openjdk.hotspot.jre.full.win32.x86_64_15.0.2.v20210201-0955\jre\bin\jimage.dll
0x00007ffa44340000 - 0x00007ffa44524000 	C:\WINDOWS\SYSTEM32\DBGHELP.DLL
0x00007ffa44310000 - 0x00007ffa4433c000 	C:\WINDOWS\SYSTEM32\dbgcore.DLL
0x00007ffa44c20000 - 0x00007ffa44ca0000 	C:\WINDOWS\System32\bcryptPrimitives.dll
0x00007ffa13e40000 - 0x00007ffa13e65000 	C:\Users\Asus\.p2\pool\plugins\org.eclipse.justj.openjdk.hotspot.jre.full.win32.x86_64_15.0.2.v20210201-0955\jre\bin\java.dll
0x00007ffa20390000 - 0x00007ffa203a8000 	C:\Users\Asus\.p2\pool\plugins\org.eclipse.justj.openjdk.hotspot.jre.full.win32.x86_64_15.0.2.v20210201-0955\jre\bin\zip.dll
0x00007ffa46150000 - 0x00007ffa46892000 	C:\WINDOWS\System32\SHELL32.dll
0x00007ffa42050000 - 0x00007ffa427e0000 	C:\WINDOWS\SYSTEM32\windows.storage.dll
0x00007ffa46fd0000 - 0x00007ffa47325000 	C:\WINDOWS\System32\combase.dll
0x00007ffa43ef0000 - 0x00007ffa43f1c000 	C:\WINDOWS\SYSTEM32\Wldp.dll
0x00007ffa468b0000 - 0x00007ffa4695e000 	C:\WINDOWS\System32\SHCORE.dll
0x00007ffa45d20000 - 0x00007ffa45d75000 	C:\WINDOWS\System32\shlwapi.dll
0x00007ffa44b10000 - 0x00007ffa44b2f000 	C:\WINDOWS\SYSTEM32\profapi.dll

dbghelp: loaded successfully - version: 4.0.5 - missing functions: none
symbol engine: initialized successfully - sym options: 0x614 - pdb path: 