#
# There is insufficient memory for the Java Runtime Environment to continue.
# Native memory allocation (malloc) failed to allocate 311152 bytes for Chunk::new
# Possible reasons:
#   The system is out of physical RAM or swap space
#   The process is running with CompressedOops enabled, and the Java Heap may be blocking the growth of the native heap
# Possible solutions:
#   Reduce memory load on the system
#   Increase physical memory or swap space
#   Check if swap backing store is full
#   Decrease Java heap size (-Xmx/-Xms)
#   Decrease number of Java threads
#   Decrease Java thread stack sizes (-Xss)
#   Set larger code cache with -XX:ReservedCodeCacheSize=
#   JVM is running with Unscaled Compressed Oops mode in which the Java heap is
#     placed in the first 4GB address space. The Java Heap base address is the
#     maximum limit for the native heap growth. Please use -XX:HeapBaseMinAddress
#     to set the Java Heap base and to place the Java Heap above 4GB virtual address.
# This output file may be truncated or incomplete.
#
#  Out of Memory Error (./open/src/hotspot/share/memory/arena.cpp:195), pid=19312, tid=26880
#
# JRE version: OpenJDK Runtime Environment (15.0.2+7) (build 15.0.2+7-27)
# Java VM: OpenJDK 64-Bit Server VM (15.0.2+7-27, mixed mode, tiered, compressed oops, g1 gc, windows-amd64)
# No core dump will be written. Minidumps are not enabled by default on client versions of Windows
#

---------------  S U M M A R Y ------------

Command Line: -Dfile.encoding=Cp1252 -XX:+ShowCodeDetailsInExceptionMessages view.FrameTree

Host: AMD Ryzen 5 3550H with Radeon Vega Mobile Gfx  , 8 cores, 7G,  Windows 10 , 64 bit Build 19041 (10.0.19041.928)
Time: Wed May 19 12:12:25 2021 Hora est. Pacífico, Sudamérica elapsed time: 45611.461130 seconds (0d 12h 40m 11s)

---------------  T H R E A D  ---------------

Current thread (0x000001921aa55fe0):  JavaThread "C2 CompilerThread0" daemon [_thread_in_native, id=26880, stack(0x0000008adc000000,0x0000008adc100000)]


Current CompileTask:
C2:45611461 2140   !   4       java.awt.Component::firePropertyChange (59 bytes)

Stack: [0x0000008adc000000,0x0000008adc100000]
Native frames: (J=compiled Java code, j=interpreted, Vv=VM code, C=native code)
V  [jvm.dll+0x62ae9a]
V  [jvm.dll+0x7817a9]
V  [jvm.dll+0x782f03]
V  [jvm.dll+0x783563]
V  [jvm.dll+0x216325]
V  [jvm.dll+0x97f3a]
V  [jvm.dll+0x9861c]
V  [jvm.dll+0x32e305]
V  [jvm.dll+0x2f768a]
V  [jvm.dll+0x2f6a4a]
V  [jvm.dll+0x1ea705]
V  [jvm.dll+0x1e996e]
V  [jvm.dll+0x178567]
V  [jvm.dll+0x1f9225]
V  [jvm.dll+0x1f72cc]
V  [jvm.dll+0x74495d]
V  [jvm.dll+0x73d75a]
V  [jvm.dll+0x629c56]
C  [ucrtbase.dll+0x21bb2]
C  [KERNEL32.DLL+0x17034]
C  [ntdll.dll+0x52651]


---------------  P R O C E S S  ---------------

Threads class SMR info:
_java_thread_list=0x000001921bd9b0a0, length=17, elements={
0x000001921aa4e570, 0x000001921aa4ef30, 0x000001921b2aa230, 0x000001921b2acb00,
0x000001921b2ae4d0, 0x000001921aa55fe0, 0x000001921aa5bd10, 0x000001921b2b6f50,
0x000001921b421ce0, 0x000001921b4204d0, 0x000001921b422680, 0x000001921b421810,
0x000001921b421340, 0x000001921b4221b0, 0x000001921b41f190, 0x000001921b420e70,
0x000001921b41fb30
}

Java Threads: ( => current thread )
  0x000001921aa4e570 JavaThread "Reference Handler" daemon [_thread_blocked, id=19628, stack(0x0000008adbb00000,0x0000008adbc00000)]
  0x000001921aa4ef30 JavaThread "Finalizer" daemon [_thread_blocked, id=27012, stack(0x0000008adbc00000,0x0000008adbd00000)]
  0x000001921b2aa230 JavaThread "Signal Dispatcher" daemon [_thread_blocked, id=21460, stack(0x0000008adbd00000,0x0000008adbe00000)]
  0x000001921b2acb00 JavaThread "Attach Listener" daemon [_thread_blocked, id=26888, stack(0x0000008adbe00000,0x0000008adbf00000)]
  0x000001921b2ae4d0 JavaThread "Service Thread" daemon [_thread_blocked, id=26496, stack(0x0000008adbf00000,0x0000008adc000000)]
=>0x000001921aa55fe0 JavaThread "C2 CompilerThread0" daemon [_thread_in_native, id=26880, stack(0x0000008adc000000,0x0000008adc100000)]
  0x000001921aa5bd10 JavaThread "C1 CompilerThread0" daemon [_thread_blocked, id=27456, stack(0x0000008adc100000,0x0000008adc200000)]
  0x000001921b2b6f50 JavaThread "Sweeper thread" daemon [_thread_blocked, id=24836, stack(0x0000008adc200000,0x0000008adc300000)]
  0x000001921b421ce0 JavaThread "Notification Thread" daemon [_thread_blocked, id=7532, stack(0x0000008adc300000,0x0000008adc400000)]
  0x000001921b4204d0 JavaThread "Common-Cleaner" daemon [_thread_blocked, id=23468, stack(0x0000008adc500000,0x0000008adc600000)]
  0x000001921b422680 JavaThread "Java2D Disposer" daemon [_thread_blocked, id=19348, stack(0x0000008adc600000,0x0000008adc700000)]
  0x000001921b421810 JavaThread "AWT-Shutdown" [_thread_blocked, id=17372, stack(0x0000008adc700000,0x0000008adc800000)]
  0x000001921b421340 JavaThread "AWT-Windows" daemon [_thread_in_native, id=24660, stack(0x0000008adc800000,0x0000008adc900000)]
  0x000001921b4221b0 JavaThread "AWT-EventQueue-0" [_thread_blocked, id=17044, stack(0x0000008add100000,0x0000008add200000)]
  0x000001921b41f190 JavaThread "DestroyJavaVM" [_thread_blocked, id=20008, stack(0x0000008adb400000,0x0000008adb500000)]
  0x000001921b420e70 JavaThread "D3D Screen Updater" daemon [_thread_blocked, id=23920, stack(0x0000008add300000,0x0000008add400000)]
  0x000001921b41fb30 JavaThread "TimerQueue" daemon [_thread_blocked, id=8872, stack(0x0000008add500000,0x0000008add600000)]

Other Threads:
  0x000001921aa37710 VMThread "VM Thread" [stack: 0x0000008adba00000,0x0000008adbb00000] [id=26396]
  0x000001921b422c80 WatcherThread [stack: 0x0000008adc400000,0x0000008adc500000] [id=24932]
  0x000001920085e890 GCTaskThread "GC Thread#0" [stack: 0x0000008adb500000,0x0000008adb600000] [id=25928]
  0x000001921bb01400 GCTaskThread "GC Thread#1" [stack: 0x0000008adb100000,0x0000008adb200000] [id=6440]
  0x000001921bb00740 GCTaskThread "GC Thread#2" [stack: 0x0000008adb200000,0x0000008adb300000] [id=26976]
  0x000001921baffdb0 GCTaskThread "GC Thread#3" [stack: 0x0000008adb300000,0x0000008adb400000] [id=25664]
  0x000001921bb00a70 GCTaskThread "GC Thread#4" [stack: 0x0000008adc900000,0x0000008adca00000] [id=27416]
  0x000001921bb02720 GCTaskThread "GC Thread#5" [stack: 0x0000008adca00000,0x0000008adcb00000] [id=26508]
  0x0000019200870be0 ConcurrentGCThread "G1 Main Marker" [stack: 0x0000008adb600000,0x0000008adb700000] [id=18928]
  0x00000192008726f0 ConcurrentGCThread "G1 Conc#0" [stack: 0x0000008adb700000,0x0000008adb800000] [id=8156]
  0x00000192008f9b40 ConcurrentGCThread "G1 Refine#0" [stack: 0x0000008adb800000,0x0000008adb900000] [id=26128]
  0x00000192008fa650 ConcurrentGCThread "G1 Young RemSet Sampling" [stack: 0x0000008adb900000,0x0000008adba00000] [id=25888]

Threads with active compile tasks:
C2 CompilerThread0  45611925 2140   !   4       java.awt.Component::firePropertyChange (59 bytes)

VM state: not at safepoint (normal execution)

VM Mutex/Monitor currently owned by a thread: None

Heap address: 0x0000000082e00000, size: 2002 MB, Compressed Oops mode: 32-bit
CDS disabled.
Compressed class space mapped at: 0x0000000100000000-0x0000000140000000, size: 1073741824
Narrow klass base: 0x0000000000000000, Narrow klass shift: 3, Narrow klass range: 0x140000000

GC Precious Log:
 CPUs: 8 total, 8 available
 Memory: 8001M
 Large Page Support: Disabled
 NUMA Support: Disabled
 Compressed Oops: Enabled (32-bit)
 Heap Region Size: 1M
 Heap Min Capacity: 8M
 Heap Initial Capacity: 126M
 Heap Max Capacity: 2002M
 Pre-touch: Disabled
 Parallel Workers: 8
 Concurrent Workers: 2
 Concurrent Refinement Workers: 8
 Periodic GC: Disabled

Heap:
 garbage-first heap   total 129024K, used 18659K [0x0000000082e00000, 0x0000000100000000)
  region size 1024K, 7 young (7168K), 3 survivors (3072K)
 Metaspace       used 19405K, capacity 19615K, committed 19840K, reserved 1067008K
  class space    used 2020K, capacity 2094K, committed 2176K, reserved 1048576K

Heap Regions: E=young(eden), S=young(survivor), O=old, HS=humongous(starts), HC=humongous(continues), CS=collection set, F=free, OA=open archive, CA=closed archive, TAMS=top-at-mark-start (previous, next)
|   0|0x0000000082e00000, 0x0000000082f00000, 0x0000000082f00000|100%|HS|  |TAMS 0x0000000082e00000, 0x0000000082e00000| Complete 
|   1|0x0000000082f00000, 0x0000000083000000, 0x0000000083000000|100%|HC|  |TAMS 0x0000000082f00000, 0x0000000082f00000| Complete 
|   2|0x0000000083000000, 0x0000000083100000, 0x0000000083100000|100%|HS|  |TAMS 0x0000000083000000, 0x0000000083000000| Complete 
|   3|0x0000000083100000, 0x0000000083200000, 0x0000000083200000|100%|HC|  |TAMS 0x0000000083100000, 0x0000000083100000| Complete 
|   4|0x0000000083200000, 0x0000000083238c00, 0x0000000083300000| 22%| O|  |TAMS 0x0000000083200000, 0x0000000083200000| Untracked 
|   5|0x0000000083300000, 0x0000000083400000, 0x0000000083400000|100%|HS|  |TAMS 0x0000000083300000, 0x0000000083300000| Complete 
|   6|0x0000000083400000, 0x0000000083500000, 0x0000000083500000|100%|HC|  |TAMS 0x0000000083400000, 0x0000000083400000| Complete 
|   7|0x0000000083500000, 0x0000000083600000, 0x0000000083600000|100%|HC|  |TAMS 0x0000000083500000, 0x0000000083500000| Complete 
|   8|0x0000000083600000, 0x0000000083700000, 0x0000000083700000|100%|HC|  |TAMS 0x0000000083600000, 0x0000000083600000| Complete 
|   9|0x0000000083700000, 0x0000000083800000, 0x0000000083800000|100%|HC|  |TAMS 0x0000000083700000, 0x0000000083700000| Complete 
|  10|0x0000000083800000, 0x0000000083900000, 0x0000000083900000|100%|HC|  |TAMS 0x0000000083800000, 0x0000000083800000| Complete 
|  11|0x0000000083900000, 0x0000000083a00000, 0x0000000083a00000|100%|HC|  |TAMS 0x0000000083900000, 0x0000000083900000| Complete 
|  12|0x0000000083a00000, 0x0000000083b00000, 0x0000000083b00000|100%|HC|  |TAMS 0x0000000083a00000, 0x0000000083a00000| Complete 
|  13|0x0000000083b00000, 0x0000000083b00000, 0x0000000083c00000|  0%| F|  |TAMS 0x0000000083b00000, 0x0000000083b00000| Untracked 
|  14|0x0000000083c00000, 0x0000000083c00000, 0x0000000083d00000|  0%| F|  |TAMS 0x0000000083c00000, 0x0000000083c00000| Untracked 
|  15|0x0000000083d00000, 0x0000000083d00000, 0x0000000083e00000|  0%| F|  |TAMS 0x0000000083d00000, 0x0000000083d00000| Untracked 
|  16|0x0000000083e00000, 0x0000000083e00000, 0x0000000083f00000|  0%| F|  |TAMS 0x0000000083e00000, 0x0000000083e00000| Untracked 
|  17|0x0000000083f00000, 0x0000000083f00000, 0x0000000084000000|  0%| F|  |TAMS 0x0000000083f00000, 0x0000000083f00000| Untracked 
|  18|0x0000000084000000, 0x0000000084000000, 0x0000000084100000|  0%| F|  |TAMS 0x0000000084000000, 0x0000000084000000| Untracked 
|  19|0x0000000084100000, 0x0000000084100000, 0x0000000084200000|  0%| F|  |TAMS 0x0000000084100000, 0x0000000084100000| Untracked 
|  20|0x0000000084200000, 0x0000000084200000, 0x0000000084300000|  0%| F|  |TAMS 0x0000000084200000, 0x0000000084200000| Untracked 
|  21|0x0000000084300000, 0x0000000084300000, 0x0000000084400000|  0%| F|  |TAMS 0x0000000084300000, 0x0000000084300000| Untracked 
|  22|0x0000000084400000, 0x0000000084400000, 0x0000000084500000|  0%| F|  |TAMS 0x0000000084400000, 0x0000000084400000| Untracked 
|  23|0x0000000084500000, 0x0000000084500000, 0x0000000084600000|  0%| F|  |TAMS 0x0000000084500000, 0x0000000084500000| Untracked 
|  24|0x0000000084600000, 0x0000000084600000, 0x0000000084700000|  0%| F|  |TAMS 0x0000000084600000, 0x0000000084600000| Untracked 
|  25|0x0000000084700000, 0x0000000084700000, 0x0000000084800000|  0%| F|  |TAMS 0x0000000084700000, 0x0000000084700000| Untracked 
|  26|0x0000000084800000, 0x0000000084800000, 0x0000000084900000|  0%| F|  |TAMS 0x0000000084800000, 0x0000000084800000| Untracked 
|  27|0x0000000084900000, 0x0000000084900000, 0x0000000084a00000|  0%| F|  |TAMS 0x0000000084900000, 0x0000000084900000| Untracked 
|  28|0x0000000084a00000, 0x0000000084a00000, 0x0000000084b00000|  0%| F|  |TAMS 0x0000000084a00000, 0x0000000084a00000| Untracked 
|  29|0x0000000084b00000, 0x0000000084b00000, 0x0000000084c00000|  0%| F|  |TAMS 0x0000000084b00000, 0x0000000084b00000| Untracked 
|  30|0x0000000084c00000, 0x0000000084c00000, 0x0000000084d00000|  0%| F|  |TAMS 0x0000000084c00000, 0x0000000084c00000| Untracked 
|  31|0x0000000084d00000, 0x0000000084d00000, 0x0000000084e00000|  0%| F|  |TAMS 0x0000000084d00000, 0x0000000084d00000| Untracked 
|  32|0x0000000084e00000, 0x0000000084e00000, 0x0000000084f00000|  0%| F|  |TAMS 0x0000000084e00000, 0x0000000084e00000| Untracked 
|  33|0x0000000084f00000, 0x0000000084f00000, 0x0000000085000000|  0%| F|  |TAMS 0x0000000084f00000, 0x0000000084f00000| Untracked 
|  34|0x0000000085000000, 0x0000000085000000, 0x0000000085100000|  0%| F|  |TAMS 0x0000000085000000, 0x0000000085000000| Untracked 
|  35|0x0000000085100000, 0x0000000085100000, 0x0000000085200000|  0%| F|  |TAMS 0x0000000085100000, 0x0000000085100000| Untracked 
|  36|0x0000000085200000, 0x0000000085200000, 0x0000000085300000|  0%| F|  |TAMS 0x0000000085200000, 0x0000000085200000| Untracked 
|  37|0x0000000085300000, 0x0000000085300000, 0x0000000085400000|  0%| F|  |TAMS 0x0000000085300000, 0x0000000085300000| Untracked 
|  38|0x0000000085400000, 0x0000000085400000, 0x0000000085500000|  0%| F|  |TAMS 0x0000000085400000, 0x0000000085400000| Untracked 
|  39|0x0000000085500000, 0x0000000085500000, 0x0000000085600000|  0%| F|  |TAMS 0x0000000085500000, 0x0000000085500000| Untracked 
|  40|0x0000000085600000, 0x0000000085600000, 0x0000000085700000|  0%| F|  |TAMS 0x0000000085600000, 0x0000000085600000| Untracked 
|  41|0x0000000085700000, 0x0000000085700000, 0x0000000085800000|  0%| F|  |TAMS 0x0000000085700000, 0x0000000085700000| Untracked 
|  42|0x0000000085800000, 0x0000000085800000, 0x0000000085900000|  0%| F|  |TAMS 0x0000000085800000, 0x0000000085800000| Untracked 
|  43|0x0000000085900000, 0x0000000085900000, 0x0000000085a00000|  0%| F|  |TAMS 0x0000000085900000, 0x0000000085900000| Untracked 
|  44|0x0000000085a00000, 0x0000000085a00000, 0x0000000085b00000|  0%| F|  |TAMS 0x0000000085a00000, 0x0000000085a00000| Untracked 
|  45|0x0000000085b00000, 0x0000000085b00000, 0x0000000085c00000|  0%| F|  |TAMS 0x0000000085b00000, 0x0000000085b00000| Untracked 
|  46|0x0000000085c00000, 0x0000000085c00000, 0x0000000085d00000|  0%| F|  |TAMS 0x0000000085c00000, 0x0000000085c00000| Untracked 
|  47|0x0000000085d00000, 0x0000000085d00000, 0x0000000085e00000|  0%| F|  |TAMS 0x0000000085d00000, 0x0000000085d00000| Untracked 
|  48|0x0000000085e00000, 0x0000000085e00000, 0x0000000085f00000|  0%| F|  |TAMS 0x0000000085e00000, 0x0000000085e00000| Untracked 
|  49|0x0000000085f00000, 0x0000000085f00000, 0x0000000086000000|  0%| F|  |TAMS 0x0000000085f00000, 0x0000000085f00000| Untracked 
|  50|0x0000000086000000, 0x0000000086000000, 0x0000000086100000|  0%| F|  |TAMS 0x0000000086000000, 0x0000000086000000| Untracked 
|  51|0x0000000086100000, 0x0000000086100000, 0x0000000086200000|  0%| F|  |TAMS 0x0000000086100000, 0x0000000086100000| Untracked 
|  52|0x0000000086200000, 0x0000000086200000, 0x0000000086300000|  0%| F|  |TAMS 0x0000000086200000, 0x0000000086200000| Untracked 
|  53|0x0000000086300000, 0x0000000086300000, 0x0000000086400000|  0%| F|  |TAMS 0x0000000086300000, 0x0000000086300000| Untracked 
|  54|0x0000000086400000, 0x0000000086400000, 0x0000000086500000|  0%| F|  |TAMS 0x0000000086400000, 0x0000000086400000| Untracked 
|  55|0x0000000086500000, 0x0000000086500000, 0x0000000086600000|  0%| F|  |TAMS 0x0000000086500000, 0x0000000086500000| Untracked 
|  56|0x0000000086600000, 0x0000000086600000, 0x0000000086700000|  0%| F|  |TAMS 0x0000000086600000, 0x0000000086600000| Untracked 
|  57|0x0000000086700000, 0x0000000086700000, 0x0000000086800000|  0%| F|  |TAMS 0x0000000086700000, 0x0000000086700000| Untracked 
|  58|0x0000000086800000, 0x0000000086800000, 0x0000000086900000|  0%| F|  |TAMS 0x0000000086800000, 0x0000000086800000| Untracked 
|  59|0x0000000086900000, 0x0000000086900000, 0x0000000086a00000|  0%| F|  |TAMS 0x0000000086900000, 0x0000000086900000| Untracked 
|  60|0x0000000086a00000, 0x0000000086a00000, 0x0000000086b00000|  0%| F|  |TAMS 0x0000000086a00000, 0x0000000086a00000| Untracked 
|  61|0x0000000086b00000, 0x0000000086b00000, 0x0000000086c00000|  0%| F|  |TAMS 0x0000000086b00000, 0x0000000086b00000| Untracked 
|  62|0x0000000086c00000, 0x0000000086c00000, 0x0000000086d00000|  0%| F|  |TAMS 0x0000000086c00000, 0x0000000086c00000| Untracked 
|  63|0x0000000086d00000, 0x0000000086d00000, 0x0000000086e00000|  0%| F|  |TAMS 0x0000000086d00000, 0x0000000086d00000| Untracked 
|  64|0x0000000086e00000, 0x0000000086e00000, 0x0000000086f00000|  0%| F|  |TAMS 0x0000000086e00000, 0x0000000086e00000| Untracked 
|  65|0x0000000086f00000, 0x0000000086f00000, 0x0000000087000000|  0%| F|  |TAMS 0x0000000086f00000, 0x0000000086f00000| Untracked 
|  66|0x0000000087000000, 0x0000000087000000, 0x0000000087100000|  0%| F|  |TAMS 0x0000000087000000, 0x0000000087000000| Untracked 
|  67|0x0000000087100000, 0x0000000087100000, 0x0000000087200000|  0%| F|  |TAMS 0x0000000087100000, 0x0000000087100000| Untracked 
|  68|0x0000000087200000, 0x0000000087200000, 0x0000000087300000|  0%| F|  |TAMS 0x0000000087200000, 0x0000000087200000| Untracked 
|  69|0x0000000087300000, 0x0000000087300000, 0x0000000087400000|  0%| F|  |TAMS 0x0000000087300000, 0x0000000087300000| Untracked 
|  70|0x0000000087400000, 0x0000000087400000, 0x0000000087500000|  0%| F|  |TAMS 0x0000000087400000, 0x0000000087400000| Untracked 
|  71|0x0000000087500000, 0x0000000087500000, 0x0000000087600000|  0%| F|  |TAMS 0x0000000087500000, 0x0000000087500000| Untracked 
|  72|0x0000000087600000, 0x0000000087600000, 0x0000000087700000|  0%| F|  |TAMS 0x0000000087600000, 0x0000000087600000| Untracked 
|  73|0x0000000087700000, 0x0000000087700000, 0x0000000087800000|  0%| F|  |TAMS 0x0000000087700000, 0x0000000087700000| Untracked 
|  74|0x0000000087800000, 0x0000000087800000, 0x0000000087900000|  0%| F|  |TAMS 0x0000000087800000, 0x0000000087800000| Untracked 
|  75|0x0000000087900000, 0x0000000087900000, 0x0000000087a00000|  0%| F|  |TAMS 0x0000000087900000, 0x0000000087900000| Untracked 
|  76|0x0000000087a00000, 0x0000000087a00000, 0x0000000087b00000|  0%| F|  |TAMS 0x0000000087a00000, 0x0000000087a00000| Untracked 
|  77|0x0000000087b00000, 0x0000000087b00000, 0x0000000087c00000|  0%| F|  |TAMS 0x0000000087b00000, 0x0000000087b00000| Untracked 
|  78|0x0000000087c00000, 0x0000000087c00000, 0x0000000087d00000|  0%| F|  |TAMS 0x0000000087c00000, 0x0000000087c00000| Untracked 
|  79|0x0000000087d00000, 0x0000000087d00000, 0x0000000087e00000|  0%| F|  |TAMS 0x0000000087d00000, 0x0000000087d00000| Untracked 
|  80|0x0000000087e00000, 0x0000000087e00000, 0x0000000087f00000|  0%| F|  |TAMS 0x0000000087e00000, 0x0000000087e00000| Untracked 
|  81|0x0000000087f00000, 0x0000000087f00000, 0x0000000088000000|  0%| F|  |TAMS 0x0000000087f00000, 0x0000000087f00000| Untracked 
|  82|0x0000000088000000, 0x0000000088000000, 0x0000000088100000|  0%| F|  |TAMS 0x0000000088000000, 0x0000000088000000| Untracked 
|  83|0x0000000088100000, 0x0000000088100000, 0x0000000088200000|  0%| F|  |TAMS 0x0000000088100000, 0x0000000088100000| Untracked 
|  84|0x0000000088200000, 0x0000000088200000, 0x0000000088300000|  0%| F|  |TAMS 0x0000000088200000, 0x0000000088200000| Untracked 
|  85|0x0000000088300000, 0x0000000088300000, 0x0000000088400000|  0%| F|  |TAMS 0x0000000088300000, 0x0000000088300000| Untracked 
|  86|0x0000000088400000, 0x0000000088400000, 0x0000000088500000|  0%| F|  |TAMS 0x0000000088400000, 0x0000000088400000| Untracked 
|  87|0x0000000088500000, 0x0000000088500000, 0x0000000088600000|  0%| F|  |TAMS 0x0000000088500000, 0x0000000088500000| Untracked 
|  88|0x0000000088600000, 0x0000000088600000, 0x0000000088700000|  0%| F|  |TAMS 0x0000000088600000, 0x0000000088600000| Untracked 
|  89|0x0000000088700000, 0x0000000088700000, 0x0000000088800000|  0%| F|  |TAMS 0x0000000088700000, 0x0000000088700000| Untracked 
|  90|0x0000000088800000, 0x0000000088800000, 0x0000000088900000|  0%| F|  |TAMS 0x0000000088800000, 0x0000000088800000| Untracked 
|  91|0x0000000088900000, 0x0000000088900000, 0x0000000088a00000|  0%| F|  |TAMS 0x0000000088900000, 0x0000000088900000| Untracked 
|  92|0x0000000088a00000, 0x0000000088a00000, 0x0000000088b00000|  0%| F|  |TAMS 0x0000000088a00000, 0x0000000088a00000| Untracked 
|  93|0x0000000088b00000, 0x0000000088b00000, 0x0000000088c00000|  0%| F|  |TAMS 0x0000000088b00000, 0x0000000088b00000| Untracked 
|  94|0x0000000088c00000, 0x0000000088c00000, 0x0000000088d00000|  0%| F|  |TAMS 0x0000000088c00000, 0x0000000088c00000| Untracked 
|  95|0x0000000088d00000, 0x0000000088d00000, 0x0000000088e00000|  0%| F|  |TAMS 0x0000000088d00000, 0x0000000088d00000| Untracked 
|  96|0x0000000088e00000, 0x0000000088e00000, 0x0000000088f00000|  0%| F|  |TAMS 0x0000000088e00000, 0x0000000088e00000| Untracked 
|  97|0x0000000088f00000, 0x0000000088f00000, 0x0000000089000000|  0%| F|  |TAMS 0x0000000088f00000, 0x0000000088f00000| Untracked 
|  98|0x0000000089000000, 0x0000000089000000, 0x0000000089100000|  0%| F|  |TAMS 0x0000000089000000, 0x0000000089000000| Untracked 
|  99|0x0000000089100000, 0x0000000089100000, 0x0000000089200000|  0%| F|  |TAMS 0x0000000089100000, 0x0000000089100000| Untracked 
| 100|0x0000000089200000, 0x0000000089300000, 0x0000000089300000|100%| S|CS|TAMS 0x0000000089200000, 0x0000000089200000| Complete 
| 101|0x0000000089300000, 0x0000000089400000, 0x0000000089400000|100%| S|CS|TAMS 0x0000000089300000, 0x0000000089300000| Complete 
| 102|0x0000000089400000, 0x0000000089500000, 0x0000000089500000|100%| S|CS|TAMS 0x0000000089400000, 0x0000000089400000| Complete 
| 103|0x0000000089500000, 0x0000000089500000, 0x0000000089600000|  0%| F|  |TAMS 0x0000000089500000, 0x0000000089500000| Untracked 
| 104|0x0000000089600000, 0x0000000089600000, 0x0000000089700000|  0%| F|  |TAMS 0x0000000089600000, 0x0000000089600000| Untracked 
| 105|0x0000000089700000, 0x0000000089700000, 0x0000000089800000|  0%| F|  |TAMS 0x0000000089700000, 0x0000000089700000| Untracked 
| 106|0x0000000089800000, 0x0000000089800000, 0x0000000089900000|  0%| F|  |TAMS 0x0000000089800000, 0x0000000089800000| Untracked 
| 107|0x0000000089900000, 0x0000000089900000, 0x0000000089a00000|  0%| F|  |TAMS 0x0000000089900000, 0x0000000089900000| Untracked 
| 108|0x0000000089a00000, 0x0000000089a00000, 0x0000000089b00000|  0%| F|  |TAMS 0x0000000089a00000, 0x0000000089a00000| Untracked 
| 109|0x0000000089b00000, 0x0000000089b00000, 0x0000000089c00000|  0%| F|  |TAMS 0x0000000089b00000, 0x0000000089b00000| Untracked 
| 110|0x0000000089c00000, 0x0000000089c00000, 0x0000000089d00000|  0%| F|  |TAMS 0x0000000089c00000, 0x0000000089c00000| Untracked 
| 111|0x0000000089d00000, 0x0000000089d00000, 0x0000000089e00000|  0%| F|  |TAMS 0x0000000089d00000, 0x0000000089d00000| Untracked 
| 112|0x0000000089e00000, 0x0000000089e00000, 0x0000000089f00000|  0%| F|  |TAMS 0x0000000089e00000, 0x0000000089e00000| Untracked 
| 113|0x0000000089f00000, 0x0000000089f00000, 0x000000008a000000|  0%| F|  |TAMS 0x0000000089f00000, 0x0000000089f00000| Untracked 
| 114|0x000000008a000000, 0x000000008a000000, 0x000000008a100000|  0%| F|  |TAMS 0x000000008a000000, 0x000000008a000000| Untracked 
| 115|0x000000008a100000, 0x000000008a100000, 0x000000008a200000|  0%| F|  |TAMS 0x000000008a100000, 0x000000008a100000| Untracked 
| 116|0x000000008a200000, 0x000000008a200000, 0x000000008a300000|  0%| F|  |TAMS 0x000000008a200000, 0x000000008a200000| Untracked 
| 117|0x000000008a300000, 0x000000008a300000, 0x000000008a400000|  0%| F|  |TAMS 0x000000008a300000, 0x000000008a300000| Untracked 
| 118|0x000000008a400000, 0x000000008a400000, 0x000000008a500000|  0%| F|  |TAMS 0x000000008a400000, 0x000000008a400000| Untracked 
| 119|0x000000008a500000, 0x000000008a500000, 0x000000008a600000|  0%| F|  |TAMS 0x000000008a500000, 0x000000008a500000| Untracked 
| 120|0x000000008a600000, 0x000000008a600000, 0x000000008a700000|  0%| F|  |TAMS 0x000000008a600000, 0x000000008a600000| Untracked 
| 121|0x000000008a700000, 0x000000008a700000, 0x000000008a800000|  0%| F|  |TAMS 0x000000008a700000, 0x000000008a700000| Untracked 
| 122|0x000000008a800000, 0x000000008a8b5ca8, 0x000000008a900000| 71%| E|  |TAMS 0x000000008a800000, 0x000000008a800000| Complete 
| 123|0x000000008a900000, 0x000000008aa00000, 0x000000008aa00000|100%| E|CS|TAMS 0x000000008a900000, 0x000000008a900000| Complete 
| 124|0x000000008aa00000, 0x000000008ab00000, 0x000000008ab00000|100%| E|CS|TAMS 0x000000008aa00000, 0x000000008aa00000| Complete 
| 125|0x000000008ab00000, 0x000000008ac00000, 0x000000008ac00000|100%| E|CS|TAMS 0x000000008ab00000, 0x000000008ab00000| Complete 

Card table byte_map: [0x0000019213960000,0x0000019213d50000] _byte_map_base: 0x0000019213549000

Marking Bits (Prev, Next): (CMBitMap*) 0x000001920085f010, (CMBitMap*) 0x000001920085f050
 Prev Bits: [0x0000019214140000, 0x0000019216088000)
 Next Bits: [0x0000019216090000, 0x0000019217fd8000)

Polling page: 0x0000019200000000

Metaspace:

Usage:
  Non-class:     17.11 MB capacity,    16.98 MB (>99%) used,   114.05 KB ( <1%) free+waste,    22.19 KB ( <1%) overhead. 
      Class:      2.04 MB capacity,     1.97 MB ( 96%) used,    65.91 KB (  3%) free+waste,     7.62 KB ( <1%) overhead. 
       Both:     19.16 MB capacity,    18.95 MB ( 99%) used,   179.97 KB ( <1%) free+waste,    29.81 KB ( <1%) overhead. 

Virtual space:
  Non-class space:       18.00 MB reserved,      17.25 MB ( 96%) committed 
      Class space:        1.00 GB reserved,       2.12 MB ( <1%) committed 
             Both:        1.02 GB reserved,      19.38 MB (  2%) committed 

Chunk freelists:
   Non-Class:  15.00 KB
       Class:  18.00 KB
        Both:  33.00 KB

MaxMetaspaceSize: 17179869184.00 GB
CompressedClassSpaceSize: 1.00 GB

CodeHeap 'non-profiled nmethods': size=120000Kb used=589Kb max_used=589Kb free=119410Kb
 bounds [0x000001920bd10000, 0x000001920bf80000, 0x0000019213240000]
CodeHeap 'profiled nmethods': size=120000Kb used=4082Kb max_used=4082Kb free=115917Kb
 bounds [0x00000192047e0000, 0x0000019204be0000, 0x000001920bd10000]
CodeHeap 'non-nmethods': size=5760Kb used=1319Kb max_used=1349Kb free=4441Kb
 bounds [0x0000019204240000, 0x00000192044b0000, 0x00000192047e0000]
 total_blobs=2757 nmethods=2139 adapters=529
 compilation: enabled
              stopped_count=0, restarted_count=0
 full_count=0

Compilation events (20 events):
Event: 32226.228 Thread 0x000001921aa5bd10 nmethod 2130 0x000001920bda3190 code [0x000001920bda3320, 0x000001920bda33d8]
Event: 32519.609 Thread 0x000001921aa5bd10 2131   !   3       java.awt.Container::mixOnReshaping (149 bytes)
Event: 32519.611 Thread 0x000001921aa5bd10 nmethod 2131 0x0000019204bd5a90 code [0x0000019204bd5f00, 0x0000019204bd8338]
Event: 32519.611 Thread 0x000001921aa5bd10 2132       3       sun.awt.NullComponentPeer::beginLayout (1 bytes)
Event: 32519.611 Thread 0x000001921aa5bd10 nmethod 2132 0x0000019204bd9110 code [0x0000019204bd92a0, 0x0000019204bd9398]
Event: 32519.611 Thread 0x000001921aa5bd10 2133       3       sun.awt.NullComponentPeer::endLayout (1 bytes)
Event: 32519.611 Thread 0x000001921aa5bd10 nmethod 2133 0x0000019204bd9410 code [0x0000019204bd95a0, 0x0000019204bd9698]
Event: 32519.668 Thread 0x000001921aa5bd10 2134       3       java.awt.Font::<init> (56 bytes)
Event: 32519.669 Thread 0x000001921aa5bd10 nmethod 2134 0x0000019204bd9710 code [0x0000019204bd98c0, 0x0000019204bd9b58]
Event: 32519.677 Thread 0x000001921aa5bd10 2135       3       java.awt.Color::<init> (72 bytes)
Event: 32519.677 Thread 0x000001921aa5bd10 nmethod 2135 0x0000019204bd9c10 code [0x0000019204bd9dc0, 0x0000019204bda028]
Event: 32519.677 Thread 0x000001921aa5bd10 2136       3       java.awt.Color::testColorValueRange (121 bytes)
Event: 32519.679 Thread 0x000001921aa5bd10 nmethod 2136 0x0000019204bda110 code [0x0000019204bda320, 0x0000019204bda918]
Event: 41118.776 Thread 0x000001921aa5bd10 2137  s    3       sun.java2d.ScreenUpdateManager::getInstance (39 bytes)
Event: 41119.948 Thread 0x000001921aa5bd10 nmethod 2137 0x0000019204bdab10 code [0x0000019204bdada0, 0x0000019204bdbbe8]
Event: 45606.124 Thread 0x000001921aa5bd10 2138       3       java.util.HashMap$KeySet::iterator (12 bytes)
Event: 45606.136 Thread 0x000001921aa5bd10 nmethod 2138 0x0000019204bdc090 code [0x0000019204bdc240, 0x0000019204bdc488]
Event: 45606.136 Thread 0x000001921aa5bd10 2139       3       java.util.HashMap$KeyIterator::<init> (11 bytes)
Event: 45606.137 Thread 0x000001921aa5bd10 nmethod 2139 0x0000019204bdc590 code [0x0000019204bdc740, 0x0000019204bdc8c8]
Event: 45606.676 Thread 0x000001921aa55fe0 2140   !   4       java.awt.Component::firePropertyChange (59 bytes)

GC Heap History (2 events):
Event: 11767.506 GC heap before
{Heap before GC invocations=0 (full 0):
 garbage-first heap   total 129024K, used 27648K [0x0000000082e00000, 0x0000000100000000)
  region size 1024K, 23 young (23552K), 0 survivors (0K)
 Metaspace       used 19365K, capacity 19612K, committed 19840K, reserved 1067008K
  class space    used 2014K, capacity 2093K, committed 2176K, reserved 1048576K
}
Event: 11767.517 GC heap after
{Heap after GC invocations=1 (full 0):
 garbage-first heap   total 129024K, used 7395K [0x0000000082e00000, 0x0000000100000000)
  region size 1024K, 3 young (3072K), 3 survivors (3072K)
 Metaspace       used 19365K, capacity 19612K, committed 19840K, reserved 1067008K
  class space    used 2014K, capacity 2093K, committed 2176K, reserved 1048576K
}

Deoptimization events (20 events):
Event: 4579.941 Thread 0x000001921b420e70 DEOPT PACKING pc=0x0000019204bca9d8 sp=0x0000008add3fedf0
Event: 4579.941 Thread 0x000001921b420e70 DEOPT UNPACKING pc=0x000001920428e23f sp=0x0000008add3fe380 mode 0
Event: 5025.651 Thread 0x000001921b420e70 DEOPT PACKING pc=0x0000019204bc6df4 sp=0x0000008add3fede0
Event: 5025.651 Thread 0x000001921b420e70 DEOPT UNPACKING pc=0x000001920428e23f sp=0x0000008add3fe380 mode 0
Event: 5471.421 Thread 0x000001921b420e70 DEOPT PACKING pc=0x0000019204bca9d8 sp=0x0000008add3fedf0
Event: 5471.421 Thread 0x000001921b420e70 DEOPT UNPACKING pc=0x000001920428e23f sp=0x0000008add3fe380 mode 0
Event: 5917.396 Thread 0x000001921b420e70 DEOPT PACKING pc=0x0000019204bc6df4 sp=0x0000008add3fede0
Event: 5917.396 Thread 0x000001921b420e70 DEOPT UNPACKING pc=0x000001920428e23f sp=0x0000008add3fe380 mode 0
Event: 13100.654 Thread 0x000001921b421340 Uncommon trap: trap_request=0xffffff45 fr.pc=0x000001920bd5095c relative=0x00000000000000dc
Event: 13100.654 Thread 0x000001921b421340 Uncommon trap: reason=unstable_if action=reinterpret pc=0x000001920bd5095c method=java.lang.ref.SoftReference.get()Ljava/lang/Object; @ 17 c2
Event: 13100.655 Thread 0x000001921b421340 DEOPT PACKING pc=0x000001920bd5095c sp=0x0000008adc8fd2d0
Event: 13100.655 Thread 0x000001921b421340 DEOPT UNPACKING pc=0x000001920428e42f sp=0x0000008adc8fd280 mode 2
Event: 32191.437 Thread 0x000001921b420e70 Uncommon trap: trap_request=0xffffffcc fr.pc=0x000001920bd9fc74 relative=0x0000000000000af4
Event: 32191.437 Thread 0x000001921b420e70 Uncommon trap: reason=intrinsic_or_type_checked_inlining action=make_not_entrant pc=0x000001920bd9fc74 method=java.util.ArrayList.toArray([Ljava/lang/Object;)[Ljava/lang/Object; @ 36 c2
Event: 32191.437 Thread 0x000001921b420e70 DEOPT PACKING pc=0x000001920bd9fc74 sp=0x0000008add3feee0
Event: 32191.437 Thread 0x000001921b420e70 DEOPT UNPACKING pc=0x000001920428e42f sp=0x0000008add3fedf0 mode 2
Event: 32226.173 Thread 0x000001921b4221b0 Uncommon trap: trap_request=0xffffff45 fr.pc=0x000001920bd91dfc relative=0x000000000000015c
Event: 32226.173 Thread 0x000001921b4221b0 Uncommon trap: reason=unstable_if action=reinterpret pc=0x000001920bd91dfc method=java.lang.ref.SoftReference.get()Ljava/lang/Object; @ 17 c2
Event: 32226.173 Thread 0x000001921b4221b0 DEOPT PACKING pc=0x000001920bd91dfc sp=0x0000008add1fd3c0
Event: 32226.173 Thread 0x000001921b4221b0 DEOPT UNPACKING pc=0x000001920428e42f sp=0x0000008add1fd310 mode 2

Classes unloaded (0 events):
No events

Classes redefined (0 events):
No events

Internal exceptions (15 events):
Event: 0.143 Thread 0x000001920081fc80 Exception <a 'java/lang/NoSuchMethodError'{0x000000008aa271b0}: 'void java.lang.invoke.DirectMethodHandle$Holder.invokeSpecial(java.lang.Object, java.lang.Object, java.lang.Object)'> (0x000000008aa271b0) 
thrown [./open/src/hotspot/share/interpreter/linkResolver.cpp, line 782]
Event: 0.186 Thread 0x000001920081fc80 Exception <a 'java/lang/ClassNotFoundException'{0x000000008aa52308}: sun/awt/resources/spi/awtProvider> (0x000000008aa52308) 
thrown [./open/src/hotspot/share/classfile/systemDictionary.cpp, line 295]
Event: 0.221 Thread 0x000001920081fc80 Exception <a 'java/io/FileNotFoundException'{0x000000008aaae878}> (0x000000008aaae878) 
thrown [./open/src/hotspot/share/prims/jni.cpp, line 578]
Event: 0.231 Thread 0x000001920081fc80 Exception <a 'java/io/FileNotFoundException'{0x000000008aadd198}> (0x000000008aadd198) 
thrown [./open/src/hotspot/share/prims/jni.cpp, line 578]
Event: 0.232 Thread 0x000001920081fc80 Exception <a 'java/lang/NoSuchMethodError'{0x000000008aade500}: 'java.lang.Object java.lang.invoke.DirectMethodHandle$Holder.invokeStatic(java.lang.Object)'> (0x000000008aade500) 
thrown [./open/src/hotspot/share/interpreter/linkResolver.cpp, line 782]
Event: 0.285 Thread 0x000001920081fc80 Exception <a 'java/lang/NoSuchMethodError'{0x000000008a93aa80}: 'java.lang.Object java.lang.invoke.DirectMethodHandle$Holder.invokeStaticInit(java.lang.Object)'> (0x000000008a93aa80) 
thrown [./open/src/hotspot/share/interpreter/linkResolver.cpp, line 782]
Event: 0.433 Thread 0x000001920081fc80 Exception <a 'java/lang/NoSuchMethodError'{0x000000008a823b80}: 'java.lang.Object java.lang.invoke.DirectMethodHandle$Holder.newInvokeSpecial(java.lang.Object, java.lang.Object, java.lang.Object, java.lang.Object, java.lang.Object)'> (0x000000008a823b80) 
thrown [./open/src/hotspot/share/interpreter/linkResolver.cpp, line 782]
Event: 0.435 Thread 0x000001920081fc80 Exception <a 'java/lang/NoSuchMethodError'{0x000000008a82f610}: 'java.lang.Object java.lang.invoke.DirectMethodHandle$Holder.invokeStatic(java.lang.Object, int, java.lang.Object, java.lang.Object, java.lang.Object, java.lang.Object)'> (0x000000008a82f610) 
thrown [./open/src/hotspot/share/interpreter/linkResolver.cpp, line 782]
Event: 0.440 Thread 0x000001920081fc80 Exception <a 'java/lang/NoSuchMethodError'{0x000000008a8558b8}: 'java.lang.Object java.lang.invoke.DirectMethodHandle$Holder.invokeStatic(java.lang.Object, int, java.lang.Object)'> (0x000000008a8558b8) 
thrown [./open/src/hotspot/share/interpreter/linkResolver.cpp, line 782]
Event: 0.468 Thread 0x000001920081fc80 Exception <a 'java/lang/ClassNotFoundException'{0x000000008a70e5c0}: com/sun/swing/internal/plaf/metal/resources/spi/metalProvider> (0x000000008a70e5c0) 
thrown [./open/src/hotspot/share/classfile/systemDictionary.cpp, line 295]
Event: 0.469 Thread 0x000001920081fc80 Exception <a 'java/lang/ClassNotFoundException'{0x000000008a712868}: com/sun/swing/internal/plaf/basic/resources/spi/basicProvider> (0x000000008a712868) 
thrown [./open/src/hotspot/share/classfile/systemDictionary.cpp, line 295]
Event: 0.594 Thread 0x000001921b41ecc0 Exception <a 'java/lang/NoSuchMethodError'{0x000000008a565ec8}: 'java.lang.Object java.lang.invoke.DirectMethodHandle$Holder.newInvokeSpecial(java.lang.Object, java.lang.Object, java.lang.Object, int, int, int, int, int)'> (0x000000008a565ec8) 
thrown [./open/src/hotspot/share/interpreter/linkResolver.cpp, line 782]
Event: 0.660 Thread 0x000001920081fc80 Exception <a 'java/lang/NoSuchMethodError'{0x000000008a3eeb30}: 'void java.lang.invoke.DirectMethodHandle$Holder.invokeStaticInit(java.lang.Object)'> (0x000000008a3eeb30) 
thrown [./open/src/hotspot/share/interpreter/linkResolver.cpp, line 782]
Event: 2.648 Thread 0x000001921b4221b0 Exception <a 'java/lang/NoSuchMethodError'{0x0000000089d12768}: 'java.lang.Object java.lang.invoke.DirectMethodHandle$Holder.invokeInterface(java.lang.Object, java.lang.Object)'> (0x0000000089d12768) 
thrown [./open/src/hotspot/share/interpreter/linkResolver.cpp, line 782]
Event: 32226.173 Thread 0x000001921b4221b0 Exception <a 'java/lang/NoSuchMethodError'{0x000000008aaaa078}: 'void java.lang.invoke.DirectMethodHandle$Holder.invokeVirtual(java.lang.Object, java.lang.Object)'> (0x000000008aaaa078) 
thrown [./open/src/hotspot/share/interpreter/linkResolver.cpp, line 782]

Events (20 events):
Event: 22.502 Executing VM operation: HandshakeAllThreads
Event: 22.503 Executing VM operation: HandshakeAllThreads done
Event: 521.585 Executing VM operation: HandshakeAllThreads
Event: 521.585 Executing VM operation: HandshakeAllThreads done
Event: 11767.505 Executing VM operation: G1CollectForAllocation
Event: 11767.517 Executing VM operation: G1CollectForAllocation done
Event: 11767.517 Executing VM operation: HandshakeAllThreads
Event: 11767.518 Executing VM operation: HandshakeAllThreads done
Event: 17489.979 loading class java/awt/desktop/SystemSleepListener
Event: 17489.979 loading class java/awt/desktop/SystemEventListener
Event: 17489.980 loading class java/awt/desktop/SystemEventListener done
Event: 17489.980 loading class java/awt/desktop/SystemSleepListener done
Event: 32191.577 Executing VM operation: HandshakeAllThreads
Event: 32191.577 Executing VM operation: HandshakeAllThreads done
Event: 32214.100 loading class java/util/WeakHashMap$KeyIterator
Event: 32214.100 loading class java/util/WeakHashMap$HashIterator
Event: 32214.100 loading class java/util/WeakHashMap$HashIterator done
Event: 32214.100 loading class java/util/WeakHashMap$KeyIterator done
Event: 32226.220 loading class javax/swing/RepaintManager$DisplayChangedRunnable
Event: 32226.220 loading class javax/swing/RepaintManager$DisplayChangedRunnable done


Dynamic libraries:
0x00007ff6bd760000 - 0x00007ff6bd76d000 	C:\Users\Asus\.p2\pool\plugins\org.eclipse.justj.openjdk.hotspot.jre.full.win32.x86_64_15.0.2.v20210201-0955\jre\bin\javaw.exe
0x00007ffa47490000 - 0x00007ffa47685000 	C:\WINDOWS\SYSTEM32\ntdll.dll
0x00007ffa45be0000 - 0x00007ffa45c9d000 	C:\WINDOWS\System32\KERNEL32.DLL
0x00007ffa44f30000 - 0x00007ffa451f8000 	C:\WINDOWS\System32\KERNELBASE.dll
0x00007ffa45290000 - 0x00007ffa45390000 	C:\WINDOWS\System32\ucrtbase.dll
0x00007ffa42dc0000 - 0x00007ffa42dd8000 	C:\Users\Asus\.p2\pool\plugins\org.eclipse.justj.openjdk.hotspot.jre.full.win32.x86_64_15.0.2.v20210201-0955\jre\bin\jli.dll
0x00007ffa42da0000 - 0x00007ffa42db9000 	C:\Users\Asus\.p2\pool\plugins\org.eclipse.justj.openjdk.hotspot.jre.full.win32.x86_64_15.0.2.v20210201-0955\jre\bin\VCRUNTIME140.dll
0x00007ffa45e80000 - 0x00007ffa46020000 	C:\WINDOWS\System32\USER32.dll
0x00007ffa43f60000 - 0x00007ffa441fa000 	C:\WINDOWS\WinSxS\amd64_microsoft.windows.common-controls_6595b64144ccf1df_6.0.19041.844_none_ca00b6081b84eb1d\COMCTL32.dll
0x00007ffa44d50000 - 0x00007ffa44d72000 	C:\WINDOWS\System32\win32u.dll
0x00007ffa46aa0000 - 0x00007ffa46b3e000 	C:\WINDOWS\System32\msvcrt.dll
0x00007ffa46960000 - 0x00007ffa4698a000 	C:\WINDOWS\System32\GDI32.dll
0x00007ffa44e20000 - 0x00007ffa44f2b000 	C:\WINDOWS\System32\gdi32full.dll
0x00007ffa44d80000 - 0x00007ffa44e1d000 	C:\WINDOWS\System32\msvcp_win.dll
0x00007ffa46c70000 - 0x00007ffa46ca0000 	C:\WINDOWS\System32\IMM32.DLL
0x00007ffa42e40000 - 0x00007ffa42e4c000 	C:\Users\Asus\.p2\pool\plugins\org.eclipse.justj.openjdk.hotspot.jre.full.win32.x86_64_15.0.2.v20210201-0955\jre\bin\vcruntime140_1.dll
0x00007ffa315e0000 - 0x00007ffa31671000 	C:\Users\Asus\.p2\pool\plugins\org.eclipse.justj.openjdk.hotspot.jre.full.win32.x86_64_15.0.2.v20210201-0955\jre\bin\msvcp140.dll
0x00007ffa0ff40000 - 0x00007ffa10a9e000 	C:\Users\Asus\.p2\pool\plugins\org.eclipse.justj.openjdk.hotspot.jre.full.win32.x86_64_15.0.2.v20210201-0955\jre\bin\server\jvm.dll
0x00007ffa45590000 - 0x00007ffa4563c000 	C:\WINDOWS\System32\ADVAPI32.dll
0x00007ffa454f0000 - 0x00007ffa4558b000 	C:\WINDOWS\System32\sechost.dll
0x00007ffa46020000 - 0x00007ffa4614b000 	C:\WINDOWS\System32\RPCRT4.dll
0x00007ffa45e60000 - 0x00007ffa45e68000 	C:\WINDOWS\System32\PSAPI.DLL
0x00007ffa3cd90000 - 0x00007ffa3cd9a000 	C:\WINDOWS\SYSTEM32\VERSION.dll
0x00007ffa2ea70000 - 0x00007ffa2ea79000 	C:\WINDOWS\SYSTEM32\WSOCK32.dll
0x00007ffa338a0000 - 0x00007ffa338c7000 	C:\WINDOWS\SYSTEM32\WINMM.dll
0x00007ffa46db0000 - 0x00007ffa46e1b000 	C:\WINDOWS\System32\WS2_32.dll
0x00007ffa41c40000 - 0x00007ffa41c52000 	C:\WINDOWS\SYSTEM32\kernel.appcore.dll
0x00007ffa246e0000 - 0x00007ffa246ea000 	C:\Users\Asus\.p2\pool\plugins\org.eclipse.justj.openjdk.hotspot.jre.full.win32.x86_64_15.0.2.v20210201-0955\jre\bin\jimage.dll
0x00007ffa44340000 - 0x00007ffa44524000 	C:\WINDOWS\SYSTEM32\DBGHELP.DLL
0x00007ffa44310000 - 0x00007ffa4433c000 	C:\WINDOWS\SYSTEM32\dbgcore.DLL
0x00007ffa44c20000 - 0x00007ffa44ca0000 	C:\WINDOWS\System32\bcryptPrimitives.dll
0x00007ffa13e40000 - 0x00007ffa13e65000 	C:\Users\Asus\.p2\pool\plugins\org.eclipse.justj.openjdk.hotspot.jre.full.win32.x86_64_15.0.2.v20210201-0955\jre\bin\java.dll
0x00007ffa20390000 - 0x00007ffa203a8000 	C:\Users\Asus\.p2\pool\plugins\org.eclipse.justj.openjdk.hotspot.jre.full.win32.x86_64_15.0.2.v20210201-0955\jre\bin\zip.dll
0x00007ffa46150000 - 0x00007ffa46892000 	C:\WINDOWS\System32\SHELL32.dll
0x00007ffa42050000 - 0x00007ffa427e0000 	C:\WINDOWS\SYSTEM32\windows.storage.dll
0x00007ffa46fd0000 - 0x00007ffa47325000 	C:\WINDOWS\System32\combase.dll
0x00007ffa43ef0000 - 0x00007ffa43f1c000 	C:\WINDOWS\SYSTEM32\Wldp.dll
0x00007ffa468b0000 - 0x00007ffa4695e000 	C:\WINDOWS\System32\SHCORE.dll
0x00007ffa45d20000 - 0x00007ffa45d75000 	C:\WINDOWS\System32\shlwapi.dll
0x00007ffa44b10000 - 0x00007ffa44b2f000 	C:\WINDOWS\SYSTEM32\profapi.dll
0x00007ffa1b820000 - 0x00007ffa1b839000 	C:\Users\Asus\.p2\pool\plugins\org.eclipse.justj.openjdk.hotspot.jre.full.win32.x86_64_15.0.2.v20210201-0955\jre\bin\net.dll
0x00007ffa38be0000 - 0x00007ffa38ceb000 	C:\WINDOWS\SYSTEM32\WINHTTP.dll
0x00007ffa43e00000 - 0x00007ffa43e6a000 	C:\WINDOWS\system32\mswsock.dll
0x00007ffa1b340000 - 0x00007ffa1b352000 	C:\Users\Asus\.p2\pool\plugins\org.eclipse.justj.openjdk.hotspot.jre.full.win32.x86_64_15.0.2.v20210201-0955\jre\bin\nio.dll
0x00007ffa268c0000 - 0x00007ffa26a3f000 	C:\Users\Asus\.p2\pool\plugins\org.eclipse.justj.openjdk.hotspot.jre.full.win32.x86_64_15.0.2.v20210201-0955\jre\bin\awt.dll
0x00007ffa45640000 - 0x00007ffa4570d000 	C:\WINDOWS\System32\OLEAUT32.dll
0x00007ffa41790000 - 0x00007ffa41820000 	C:\WINDOWS\SYSTEM32\apphelp.dll
0x00007ffa41cb0000 - 0x00007ffa41cdf000 	C:\WINDOWS\system32\DWMAPI.DLL
0x00007ffa41970000 - 0x00007ffa41a0e000 	C:\WINDOWS\system32\uxtheme.dll
0x00007ffa314b0000 - 0x00007ffa315d6000 	C:\WINDOWS\system32\opengl32.dll
0x00007ffa429a0000 - 0x00007ffa429cc000 	C:\WINDOWS\SYSTEM32\GLU32.dll
0x00007ffa47330000 - 0x00007ffa47445000 	C:\WINDOWS\System32\MSCTF.dll
0x00007ffa46b40000 - 0x00007ffa46c6a000 	C:\WINDOWS\System32\ole32.dll
0x00007ffa39750000 - 0x00007ffa3991e000 	C:\WINDOWS\system32\d3d9.dll
0x00007ffa338d0000 - 0x00007ffa33aab000 	C:\WINDOWS\System32\DriverStore\FileRepository\u0361708.inf_amd64_7de6b99937f60751\B358199\aticfx64.dll
0x00007ffa42800000 - 0x00007ffa42833000 	C:\WINDOWS\System32\DriverStore\FileRepository\u0361708.inf_amd64_7de6b99937f60751\B358199\atiu9p64.dll
0x00007ffa06cd0000 - 0x00007ffa07966000 	C:\WINDOWS\System32\DriverStore\FileRepository\u0361708.inf_amd64_7de6b99937f60751\B358199\atiumd64.dll
0x0000000059e50000 - 0x000000005accd000 	C:\WINDOWS\System32\DriverStore\FileRepository\u0361708.inf_amd64_7de6b99937f60751\B358199\atiumd6a.dll
0x00007ffa44a40000 - 0x00007ffa44a8b000 	C:\WINDOWS\SYSTEM32\POWRPROF.dll
0x00007ffa44a20000 - 0x00007ffa44a32000 	C:\WINDOWS\SYSTEM32\UMPDC.dll
0x00007ffa3f000000 - 0x00007ffa3f02f000 	C:\WINDOWS\SYSTEM32\amdihk64.dll
0x00007ffa33fc0000 - 0x00007ffa33ffb000 	C:\WINDOWS\SYSTEM32\dxcore.dll
0x00007ffa44bd0000 - 0x00007ffa44c1e000 	C:\WINDOWS\System32\cfgmgr32.dll
0x00007ffa3fa40000 - 0x00007ffa3fa6d000 	C:\Users\Asus\.p2\pool\plugins\org.eclipse.justj.openjdk.hotspot.jre.full.win32.x86_64_15.0.2.v20210201-0955\jre\bin\javajpeg.dll
0x00007ffa24e20000 - 0x00007ffa24ea5000 	C:\Users\Asus\.p2\pool\plugins\org.eclipse.justj.openjdk.hotspot.jre.full.win32.x86_64_15.0.2.v20210201-0955\jre\bin\freetype.dll
0x00007ffa24d70000 - 0x00007ffa24e19000 	C:\Users\Asus\.p2\pool\plugins\org.eclipse.justj.openjdk.hotspot.jre.full.win32.x86_64_15.0.2.v20210201-0955\jre\bin\fontmanager.dll
0x00007ffa39000000 - 0x00007ffa390f9000 	C:\WINDOWS\SYSTEM32\textinputframework.dll
0x00007ffa41540000 - 0x00007ffa41632000 	C:\WINDOWS\System32\CoreMessaging.dll
0x00007ffa41170000 - 0x00007ffa414ce000 	C:\WINDOWS\System32\CoreUIComponents.dll
0x00007ffa445d0000 - 0x00007ffa44603000 	C:\WINDOWS\SYSTEM32\ntmarta.dll
0x00007ffa40930000 - 0x00007ffa40a84000 	C:\WINDOWS\SYSTEM32\wintypes.dll
0x00007ffa22a80000 - 0x00007ffa22a90000 	C:\Users\Asus\.p2\pool\plugins\org.eclipse.justj.openjdk.hotspot.jre.full.win32.x86_64_15.0.2.v20210201-0955\jre\bin\verify.dll
0x00007ffa46d00000 - 0x00007ffa46da9000 	C:\WINDOWS\System32\clbcatq.dll
0x00007ffa39a80000 - 0x00007ffa39c34000 	C:\WINDOWS\SYSTEM32\WindowsCodecs.dll
0x00007ffa45260000 - 0x00007ffa45287000 	C:\WINDOWS\System32\bcrypt.dll
0x00007ffa18510000 - 0x00007ffa1854e000 	C:\WINDOWS\system32\dataexchange.dll
0x00007ffa40f80000 - 0x00007ffa41165000 	C:\WINDOWS\system32\dcomp.dll
0x00007ffa40260000 - 0x00007ffa404c4000 	C:\WINDOWS\system32\d3d11.dll
0x00007ffa42ec0000 - 0x00007ffa42fb4000 	C:\WINDOWS\system32\dxgi.dll
0x00007ffa3a5b0000 - 0x00007ffa3a7b1000 	C:\WINDOWS\system32\twinapi.appcore.dll
0x00007ffa25ca0000 - 0x00007ffa25d4c000 	C:\WINDOWS\SYSTEM32\TextShaping.dll

dbghelp: loaded successfully - version: 4.0.5 - missing functions: none
symbol engine: initialized successfully - sym options: 0x614 - pdb path: .;C:\Users\Asus\.p2\pool\plugins\org.eclipse.justj.openjdk.hotspot.jre.full.win32.x86_64_15.0.2.v20210201-0955\jre\bin;C:\WINDOWS\SYSTEM32;C:\WINDOWS\WinSxS\amd64_microsoft.windows.common-controls_6595b64144ccf1df_6.0.19041.844_none_ca00b6081b84eb1d;C:\Users\Asus\.p2\pool\plugins\org.eclipse.justj.openjdk.hotspot.jre.full.win32.x86_64_15.0.2.v20210201-0955\jre\bin\server;C:\WINDOWS\System32\DriverStore\FileRepository\u0361708.inf_amd64_7de6b99937f60751\B358199

VM Arguments:
jvm_args: -Dfile.encoding=Cp1252 -XX:+ShowCodeDetailsInExceptionMessages 
java_command: view.FrameTree
java_class_path (initial): C:\Users\Asus\git\Project_BtreeFinal\bin;C:\Users\Asus\git\Project_BtreeFinal\src\libraries\jcalendar-1.4.jar
Launcher Type: SUN_STANDARD

[Global flags]
     intx CICompilerCount                          = 4                                         {product} {ergonomic}
     uint ConcGCThreads                            = 2                                         {product} {ergonomic}
     uint G1ConcRefinementThreads                  = 8                                         {product} {ergonomic}
   size_t G1HeapRegionSize                         = 1048576                                   {product} {ergonomic}
    uintx GCDrainStackTargetSize                   = 64                                        {product} {ergonomic}
   size_t InitialHeapSize                          = 132120576                                 {product} {ergonomic}
   size_t MarkStackSize                            = 4194304                                   {product} {ergonomic}
   size_t MaxHeapSize                              = 2099249152                                {product} {ergonomic}
   size_t MaxNewSize                               = 1259339776                                {product} {ergonomic}
   size_t MinHeapDeltaBytes                        = 1048576                                   {product} {ergonomic}
   size_t MinHeapSize                              = 8388608                                   {product} {ergonomic}
    uintx NonNMethodCodeHeapSize                   = 5839372                                {pd product} {ergonomic}
    uintx NonProfiledCodeHeapSize                  = 122909434                              {pd product} {ergonomic}
    uintx ProfiledCodeHeapSize                     = 122909434                              {pd product} {ergonomic}
    uintx ReservedCodeCacheSize                    = 251658240                              {pd product} {ergonomic}
     bool SegmentedCodeCache                       = true                                      {product} {ergonomic}
     bool ShowCodeDetailsInExceptionMessages       = true                                   {manageable} {command line}
   size_t SoftMaxHeapSize                          = 2099249152                             {manageable} {ergonomic}
     bool UseCompressedClassPointers               = true                                 {lp64_product} {ergonomic}
     bool UseCompressedOops                        = true                                 {lp64_product} {ergonomic}
     bool UseG1GC                                  = true                                      {product} {ergonomic}
     bool UseLargePagesIndividualAllocation        = false                                  {pd product} {ergonomic}

Logging:
Log output configuration:
 #0: stdout all=warning uptime,level,tags
 #1: stderr all=off uptime,level,tags

Environment Variables:
PATH=C:/Users/Asus/.p2/pool/plugins/org.eclipse.justj.openjdk.hotspot.jre.full.win32.x86_64_15.0.2.v20210201-0955/jre/bin/server;C:/Users/Asus/.p2/pool/plugins/org.eclipse.justj.openjdk.hotspot.jre.full.win32.x86_64_15.0.2.v20210201-0955/jre/bin;C:\ProgramData\Oracle\Java\javapath;C:\Windows\system32;C:\Windows;C:\Windows\System32\Wbem;C:\Windows\System32\WindowsPowerShell\v1.0\;C:\Windows\System32\OpenSSH\;C:\Program Files (x86)\NVIDIA Corporation\PhysX\Common;C:\Program Files\NVIDIA Corporation\NVIDIA NvDLISR;C:\WINDOWS\system32;C:\WINDOWS;C:\WINDOWS\System32\Wbem;C:\WINDOWS\System32\WindowsPowerShell\v1.0\;C:\WINDOWS\System32\OpenSSH\;C:\Users\Asus\AppData\Local\Microsoft\WindowsApps;;C:\Users\Asus\OneDrive\Escritorio;
USERNAME=Asus
OS=Windows_NT
PROCESSOR_IDENTIFIER=AMD64 Family 23 Model 24 Stepping 1, AuthenticAMD



---------------  S Y S T E M  ---------------

OS:
 Windows 10 , 64 bit Build 19041 (10.0.19041.928)
OS uptime: 1 days 0:01 hours

CPU: total 8 (initial active 8) (8 cores per cpu, 2 threads per core) family 23 model 24 stepping 1 microcode 0x0, cmov, cx8, fxsr, mmx, sse, sse2, sse3, ssse3, sse4.1, sse4.2, popcnt, vzeroupper, avx, avx2, aes, clmul, 3dnowpref, lzcnt, sse4a, ht, tsc, tscinvbit, tscinv, bmi1, bmi2, adx, sha, fma, clflush, clflushopt

Memory: 4k page, system-wide physical 8001M (969M free)
TotalPageFile size 32577M (AvailPageFile size 28M)
current process WorkingSet (physical memory assigned to process): 80M, peak: 160M
current process commit charge ("private bytes"): 288M, peak: 296M

vm_info: OpenJDK 64-Bit Server VM (15.0.2+7-27) for windows-amd64 JRE (15.0.2+7-27), built on Dec  7 2020 20:02:38 by "mach5one" with unknown MS VC++:1925

END.
